2026-03-17 16:10:53 | INFO     | common.mq.mq_producer:create_producer:140 | Creating producer with producer_name: producer-firstsilicon
2026-03-17 16:10:54 | INFO     | common.mq.mq_producer:startup:66 | RocketMQ producer started successfully
2026-03-17 16:10:58 | INFO     | firstsilicon-product-run:<module>:22 | 
共提取到 107 个产品的 fieldMap---https://www.firstsilicon.co.kr/theme/daontheme_pro10/html/business/04.php?cate_id=0101
2026-03-17 16:10:58 | INFO     | firstsilicon-product-run:<module>:27 | {'type': 'PPN', 'datasheets': [{'raw_path': 'https://www.firstsilicon.co.kr/pro10/business/download?cate_id=0101&pd_id=178&pf_id=0'}], 'product': {'brand': 'firstsilicon', 'country': '韩国', 'ds': '官网', 'status': '量产', 'category': 'IC-BIP^Genreal Purpuse Regulator', 'product_number': 'FR317D'}}解析完成
2026-03-17 16:10:58 | INFO     | common.mq.mq_producer:send_message:120 | Message PROD-DARWIN-DISPATCH-RECORD sent successfully. Message ID: 01F068E34815F5267809CAA69200000000
2026-03-17 16:10:58 | INFO     | firstsilicon-product-run:<module>:27 | {'type': 'PPN', 'datasheets': [{'raw_path': 'https://www.firstsilicon.co.kr/pro10/business/download?cate_id=0101&pd_id=3659&pf_id=0'}], 'product': {'brand': 'firstsilicon', 'country': '韩国', 'ds': '官网', 'status': '量产', 'category': 'IC-BIP^Genreal Purpuse Regulator', 'product_number': 'FR317DD'}}解析完成
2026-03-17 16:10:59 | INFO     | common.mq.mq_producer:send_message:120 | Message PROD-DARWIN-DISPATCH-RECORD sent successfully. Message ID: 01F068E34815F5267809CAA69200000001
2026-03-17 16:10:59 | INFO     | firstsilicon-product-run:<module>:27 | {'type': 'PPN', 'datasheets': [{'raw_path': 'https://www.firstsilicon.co.kr/pro10/business/download?cate_id=0101&pd_id=3718&pf_id=0'}], 'product': {'brand': 'firstsilicon', 'country': '韩国', 'ds': '官网', 'status': '量产', 'category': 'IC-BIP^Genreal Purpuse Regulator', 'product_number': 'FR317L'}}解析完成
2026-03-17 16:10:59 | INFO     | common.mq.mq_producer:send_message:120 | Message PROD-DARWIN-DISPATCH-RECORD sent successfully. Message ID: 01F068E34815F5267809CAA69300000002
2026-03-17 16:10:59 | INFO     | firstsilicon-product-run:<module>:27 | {'type': 'PPN', 'datasheets': [{'raw_path': 'https://www.firstsilicon.co.kr/pro10/business/download?cate_id=0101&pd_id=175&pf_id=0'}], 'product': {'brand': 'firstsilicon', 'country': '韩国', 'ds': '官网', 'status': '量产', 'category': 'IC-BIP^Genreal Purpuse Regulator', 'product_number': 'FR317LF'}}解析完成
2026-03-17 16:10:59 | INFO     | common.mq.mq_producer:send_message:120 | Message PROD-DARWIN-DISPATCH-RECORD sent successfully. Message ID: 01F068E34815F5267809CAA69300000003
2026-03-17 16:10:59 | INFO     | firstsilicon-product-run:<module>:27 | {'type': 'PPN', 'datasheets': [{'raw_path': 'https://www.firstsilicon.co.kr/pro10/business/download?cate_id=0101&pd_id=176&pf_id=0'}], 'product': {'brand': 'firstsilicon', 'country': '韩国', 'ds': '官网', 'status': '量产', 'category': 'IC-BIP^Genreal Purpuse Regulator', 'product_number': 'FR317LFB'}}解析完成
2026-03-17 16:10:59 | INFO     | common.mq.mq_producer:send_message:120 | Message PROD-DARWIN-DISPATCH-RECORD sent successfully. Message ID: 01F068E34815F5267809CAA69300000004
2026-03-17 16:10:59 | INFO     | firstsilicon-product-run:<module>:27 | {'type': 'PPN', 'datasheets': [{'raw_path': 'https://www.firstsilicon.co.kr/pro10/business/download?cate_id=0101&pd_id=3575&pf_id=0'}], 'product': {'brand': 'firstsilicon', 'country': '韩国', 'ds': '官网', 'status': '量产', 'category': 'IC-BIP^Genreal Purpuse Regulator', 'product_number': 'FR317LS'}}解析完成
2026-03-17 16:10:59 | INFO     | common.mq.mq_producer:send_message:120 | Message PROD-DARWIN-DISPATCH-RECORD sent successfully. Message ID: 01F068E34815F5267809CAA69300000005
2026-03-17 16:10:59 | INFO     | firstsilicon-product-run:<module>:27 | {'type': 'PPN', 'datasheets': [{'raw_path': 'https://www.firstsilicon.co.kr/pro10/business/download?cate_id=0101&pd_id=3576&pf_id=0'}], 'product': {'brand': 'firstsilicon', 'country': '韩国', 'ds': '官网', 'status': '量产', 'category': 'IC-BIP^Genreal Purpuse Regulator', 'product_number': 'FR317LSC'}}解析完成
2026-03-17 16:10:59 | INFO     | common.mq.mq_producer:send_message:120 | Message PROD-DARWIN-DISPATCH-RECORD sent successfully. Message ID: 01F068E34815F5267809CAA69300000006
2026-03-17 16:10:59 | INFO     | firstsilicon-product-run:<module>:27 | {'type': 'PPN', 'datasheets': [{'raw_path': 'https://www.firstsilicon.co.kr/pro10/business/download?cate_id=0101&pd_id=177&pf_id=0'}], 'product': {'brand': 'firstsilicon', 'country': '韩国', 'ds': '官网', 'status': '量产', 'category': 'IC-BIP^Genreal Purpuse Regulator', 'product_number': 'FR317P'}}解析完成
2026-03-17 16:10:59 | INFO     | common.mq.mq_producer:send_message:120 | Message PROD-DARWIN-DISPATCH-RECORD sent successfully. Message ID: 01F068E34815F5267809CAA69300000007
2026-03-17 16:10:59 | INFO     | firstsilicon-product-run:<module>:27 | {'type': 'PPN', 'datasheets': [{'raw_path': 'https://www.firstsilicon.co.kr/pro10/business/download?cate_id=0101&pd_id=3574&pf_id=0'}], 'product': {'brand': 'firstsilicon', 'country': '韩国', 'ds': '官网', 'status': '量产', 'category': 'IC-BIP^Genreal Purpuse Regulator', 'product_number': 'FR317S'}}解析完成
2026-03-17 16:10:59 | INFO     | common.mq.mq_producer:send_message:120 | Message PROD-DARWIN-DISPATCH-RECORD sent successfully. Message ID: 01F068E34815F5267809CAA69300000008
2026-03-17 16:10:59 | INFO     | firstsilicon-product-run:<module>:27 | {'type': 'PPN', 'datasheets': [{'raw_path': 'https://www.firstsilicon.co.kr/pro10/business/download?cate_id=0101&pd_id=179&pf_id=0'}], 'product': {'brand': 'firstsilicon', 'country': '韩国', 'ds': '官网', 'status': '量产', 'category': 'IC-BIP^Genreal Purpuse Regulator', 'product_number': 'FR317T'}}解析完成
2026-03-17 16:10:59 | INFO     | common.mq.mq_producer:send_message:120 | Message PROD-DARWIN-DISPATCH-RECORD sent successfully. Message ID: 01F068E34815F5267809CAA69300000009
2026-03-17 16:10:59 | INFO     | firstsilicon-product-run:<module>:27 | {'type': 'PPN', 'datasheets': [{'raw_path': 'https://www.firstsilicon.co.kr/pro10/business/download?cate_id=0101&pd_id=262&pf_id=0'}], 'product': {'brand': 'firstsilicon', 'country': '韩国', 'ds': '官网', 'status': '量产', 'category': 'IC-BIP^Genreal Purpuse Regulator', 'product_number': 'FR7805D'}}解析完成
2026-03-17 16:10:59 | INFO     | common.mq.mq_producer:send_message:120 | Message PROD-DARWIN-DISPATCH-RECORD sent successfully. Message ID: 01F068E34815F5267809CAA6930000000A
2026-03-17 16:10:59 | INFO     | firstsilicon-product-run:<module>:27 | {'type': 'PPN', 'datasheets': [{'raw_path': 'https://www.firstsilicon.co.kr/pro10/business/download?cate_id=0101&pd_id=271&pf_id=0'}], 'product': {'brand': 'firstsilicon', 'country': '韩国', 'ds': '官网', 'status': '量产', 'category': 'IC-BIP^Genreal Purpuse Regulator', 'product_number': 'FR7805DD'}}解析完成
2026-03-17 16:10:59 | INFO     | common.mq.mq_producer:send_message:120 | Message PROD-DARWIN-DISPATCH-RECORD sent successfully. Message ID: 01F068E34815F5267809CAA6930000000B
2026-03-17 16:10:59 | INFO     | firstsilicon-product-run:<module>:27 | {'type': 'PPN', 'datasheets': [{'raw_path': 'https://www.firstsilicon.co.kr/pro10/business/download?cate_id=0101&pd_id=5420&pf_id=0'}], 'product': {'brand': 'firstsilicon', 'country': '韩国', 'ds': '官网', 'status': '量产', 'category': 'IC-BIP^Genreal Purpuse Regulator', 'product_number': 'FR7805F'}}解析完成
2026-03-17 16:10:59 | INFO     | common.mq.mq_producer:send_message:120 | Message PROD-DARWIN-DISPATCH-RECORD sent successfully. Message ID: 01F068E34815F5267809CAA6930000000C
2026-03-17 16:10:59 | INFO     | firstsilicon-product-run:<module>:27 | {'type': 'PPN', 'datasheets': [{'raw_path': 'https://www.firstsilicon.co.kr/pro10/business/download?cate_id=0101&pd_id=253&pf_id=0'}], 'product': {'brand': 'firstsilicon', 'country': '韩国', 'ds': '官网', 'status': '量产', 'category': 'IC-BIP^Genreal Purpuse Regulator', 'product_number': 'FR7805P'}}解析完成
2026-03-17 16:10:59 | INFO     | common.mq.mq_producer:send_message:120 | Message PROD-DARWIN-DISPATCH-RECORD sent successfully. Message ID: 01F068E34815F5267809CAA6930000000D
2026-03-17 16:10:59 | INFO     | firstsilicon-product-run:<module>:27 | {'type': 'PPN', 'datasheets': [{'raw_path': 'https://www.firstsilicon.co.kr/pro10/business/download?cate_id=0101&pd_id=3936&pf_id=0'}], 'product': {'brand': 'firstsilicon', 'country': '韩国', 'ds': '官网', 'status': '量产', 'category': 'IC-BIP^Genreal Purpuse Regulator', 'product_number': 'FR7805T'}}解析完成
2026-03-17 16:10:59 | INFO     | common.mq.mq_producer:send_message:120 | Message PROD-DARWIN-DISPATCH-RECORD sent successfully. Message ID: 01F068E34815F5267809CAA6930000000E
2026-03-17 16:10:59 | INFO     | firstsilicon-product-run:<module>:27 | {'type': 'PPN', 'datasheets': [{'raw_path': 'https://www.firstsilicon.co.kr/pro10/business/download?cate_id=0101&pd_id=263&pf_id=0'}], 'product': {'brand': 'firstsilicon', 'country': '韩国', 'ds': '官网', 'status': '量产', 'category': 'IC-BIP^Genreal Purpuse Regulator', 'product_number': 'FR7806D'}}解析完成
2026-03-17 16:10:59 | INFO     | common.mq.mq_producer:send_message:120 | Message PROD-DARWIN-DISPATCH-RECORD sent successfully. Message ID: 01F068E34815F5267809CAA6930000000F
2026-03-17 16:10:59 | INFO     | firstsilicon-product-run:<module>:27 | {'type': 'PPN', 'datasheets': [{'raw_path': 'https://www.firstsilicon.co.kr/pro10/business/download?cate_id=0101&pd_id=272&pf_id=0'}], 'product': {'brand': 'firstsilicon', 'country': '韩国', 'ds': '官网', 'status': '量产', 'category': 'IC-BIP^Genreal Purpuse Regulator', 'product_number': 'FR7806DD'}}解析完成
2026-03-17 16:10:59 | INFO     | common.mq.mq_producer:send_message:120 | Message PROD-DARWIN-DISPATCH-RECORD sent successfully. Message ID: 01F068E34815F5267809CAA69300000010
2026-03-17 16:10:59 | INFO     | firstsilicon-product-run:<module>:27 | {'type': 'PPN', 'datasheets': [{'raw_path': 'https://www.firstsilicon.co.kr/pro10/business/download?cate_id=0101&pd_id=5421&pf_id=0'}], 'product': {'brand': 'firstsilicon', 'country': '韩国', 'ds': '官网', 'status': '量产', 'category': 'IC-BIP^Genreal Purpuse Regulator', 'product_number': 'FR7806F'}}解析完成
2026-03-17 16:10:59 | INFO     | common.mq.mq_producer:send_message:120 | Message PROD-DARWIN-DISPATCH-RECORD sent successfully. Message ID: 01F068E34815F5267809CAA69300000011
2026-03-17 16:10:59 | INFO     | firstsilicon-product-run:<module>:27 | {'type': 'PPN', 'datasheets': [{'raw_path': 'https://www.firstsilicon.co.kr/pro10/business/download?cate_id=0101&pd_id=254&pf_id=0'}], 'product': {'brand': 'firstsilicon', 'country': '韩国', 'ds': '官网', 'status': '量产', 'category': 'IC-BIP^Genreal Purpuse Regulator', 'product_number': 'FR7806P'}}解析完成
2026-03-17 16:10:59 | INFO     | common.mq.mq_producer:send_message:120 | Message PROD-DARWIN-DISPATCH-RECORD sent successfully. Message ID: 01F068E34815F5267809CAA69300000012
2026-03-17 16:10:59 | INFO     | firstsilicon-product-run:<module>:27 | {'type': 'PPN', 'datasheets': [{'raw_path': 'https://www.firstsilicon.co.kr/pro10/business/download?cate_id=0101&pd_id=3937&pf_id=0'}], 'product': {'brand': 'firstsilicon', 'country': '韩国', 'ds': '官网', 'status': '量产', 'category': 'IC-BIP^Genreal Purpuse Regulator', 'product_number': 'FR7806T'}}解析完成
2026-03-17 16:10:59 | INFO     | common.mq.mq_producer:send_message:120 | Message PROD-DARWIN-DISPATCH-RECORD sent successfully. Message ID: 01F068E34815F5267809CAA69300000013
2026-03-17 16:10:59 | INFO     | firstsilicon-product-run:<module>:27 | {'type': 'PPN', 'datasheets': [{'raw_path': 'https://www.firstsilicon.co.kr/pro10/business/download?cate_id=0101&pd_id=264&pf_id=0'}], 'product': {'brand': 'firstsilicon', 'country': '韩国', 'ds': '官网', 'status': '量产', 'category': 'IC-BIP^Genreal Purpuse Regulator', 'product_number': 'FR7808D'}}解析完成
2026-03-17 16:10:59 | INFO     | common.mq.mq_producer:send_message:120 | Message PROD-DARWIN-DISPATCH-RECORD sent successfully. Message ID: 01F068E34815F5267809CAA69300000014
2026-03-17 16:10:59 | INFO     | firstsilicon-product-run:<module>:27 | {'type': 'PPN', 'datasheets': [{'raw_path': 'https://www.firstsilicon.co.kr/pro10/business/download?cate_id=0101&pd_id=273&pf_id=0'}], 'product': {'brand': 'firstsilicon', 'country': '韩国', 'ds': '官网', 'status': '量产', 'category': 'IC-BIP^Genreal Purpuse Regulator', 'product_number': 'FR7808DD'}}解析完成
2026-03-17 16:10:59 | INFO     | common.mq.mq_producer:send_message:120 | Message PROD-DARWIN-DISPATCH-RECORD sent successfully. Message ID: 01F068E34815F5267809CAA69300000015
2026-03-17 16:10:59 | INFO     | firstsilicon-product-run:<module>:27 | {'type': 'PPN', 'datasheets': [{'raw_path': 'https://www.firstsilicon.co.kr/pro10/business/download?cate_id=0101&pd_id=5422&pf_id=0'}], 'product': {'brand': 'firstsilicon', 'country': '韩国', 'ds': '官网', 'status': '量产', 'category': 'IC-BIP^Genreal Purpuse Regulator', 'product_number': 'FR7808F'}}解析完成
2026-03-17 16:10:59 | INFO     | common.mq.mq_producer:send_message:120 | Message PROD-DARWIN-DISPATCH-RECORD sent successfully. Message ID: 01F068E34815F5267809CAA69300000016
2026-03-17 16:10:59 | INFO     | firstsilicon-product-run:<module>:27 | {'type': 'PPN', 'datasheets': [{'raw_path': 'https://www.firstsilicon.co.kr/pro10/business/download?cate_id=0101&pd_id=255&pf_id=0'}], 'product': {'brand': 'firstsilicon', 'country': '韩国', 'ds': '官网', 'status': '量产', 'category': 'IC-BIP^Genreal Purpuse Regulator', 'product_number': 'FR7808P'}}解析完成
2026-03-17 16:10:59 | INFO     | common.mq.mq_producer:send_message:120 | Message PROD-DARWIN-DISPATCH-RECORD sent successfully. Message ID: 01F068E34815F5267809CAA69300000017
2026-03-17 16:10:59 | INFO     | firstsilicon-product-run:<module>:27 | {'type': 'PPN', 'datasheets': [{'raw_path': 'https://www.firstsilicon.co.kr/pro10/business/download?cate_id=0101&pd_id=3938&pf_id=0'}], 'product': {'brand': 'firstsilicon', 'country': '韩国', 'ds': '官网', 'status': '量产', 'category': 'IC-BIP^Genreal Purpuse Regulator', 'product_number': 'FR7808T'}}解析完成
2026-03-17 16:10:59 | INFO     | common.mq.mq_producer:send_message:120 | Message PROD-DARWIN-DISPATCH-RECORD sent successfully. Message ID: 01F068E34815F5267809CAA69300000018
2026-03-17 16:10:59 | INFO     | firstsilicon-product-run:<module>:27 | {'type': 'PPN', 'datasheets': [{'raw_path': 'https://www.firstsilicon.co.kr/pro10/business/download?cate_id=0101&pd_id=265&pf_id=0'}], 'product': {'brand': 'firstsilicon', 'country': '韩国', 'ds': '官网', 'status': '量产', 'category': 'IC-BIP^Genreal Purpuse Regulator', 'product_number': 'FR7809D'}}解析完成
2026-03-17 16:10:59 | INFO     | common.mq.mq_producer:send_message:120 | Message PROD-DARWIN-DISPATCH-RECORD sent successfully. Message ID: 01F068E34815F5267809CAA69300000019
2026-03-17 16:10:59 | INFO     | firstsilicon-product-run:<module>:27 | {'type': 'PPN', 'datasheets': [{'raw_path': 'https://www.firstsilicon.co.kr/pro10/business/download?cate_id=0101&pd_id=274&pf_id=0'}], 'product': {'brand': 'firstsilicon', 'country': '韩国', 'ds': '官网', 'status': '量产', 'category': 'IC-BIP^Genreal Purpuse Regulator', 'product_number': 'FR7809DD'}}解析完成
2026-03-17 16:10:59 | INFO     | common.mq.mq_producer:send_message:120 | Message PROD-DARWIN-DISPATCH-RECORD sent successfully. Message ID: 01F068E34815F5267809CAA6930000001A
2026-03-17 16:10:59 | INFO     | firstsilicon-product-run:<module>:27 | {'type': 'PPN', 'datasheets': [{'raw_path': 'https://www.firstsilicon.co.kr/pro10/business/download?cate_id=0101&pd_id=5423&pf_id=0'}], 'product': {'brand': 'firstsilicon', 'country': '韩国', 'ds': '官网', 'status': '量产', 'category': 'IC-BIP^Genreal Purpuse Regulator', 'product_number': 'FR7809F'}}解析完成
2026-03-17 16:10:59 | INFO     | common.mq.mq_producer:send_message:120 | Message PROD-DARWIN-DISPATCH-RECORD sent successfully. Message ID: 01F068E34815F5267809CAA6930000001B
2026-03-17 16:10:59 | INFO     | firstsilicon-product-run:<module>:27 | {'type': 'PPN', 'datasheets': [{'raw_path': 'https://www.firstsilicon.co.kr/pro10/business/download?cate_id=0101&pd_id=256&pf_id=0'}], 'product': {'brand': 'firstsilicon', 'country': '韩国', 'ds': '官网', 'status': '量产', 'category': 'IC-BIP^Genreal Purpuse Regulator', 'product_number': 'FR7809P'}}解析完成
2026-03-17 16:10:59 | INFO     | common.mq.mq_producer:send_message:120 | Message PROD-DARWIN-DISPATCH-RECORD sent successfully. Message ID: 01F068E34815F5267809CAA6930000001C
2026-03-17 16:10:59 | INFO     | firstsilicon-product-run:<module>:27 | {'type': 'PPN', 'datasheets': [{'raw_path': 'https://www.firstsilicon.co.kr/pro10/business/download?cate_id=0101&pd_id=3939&pf_id=0'}], 'product': {'brand': 'firstsilicon', 'country': '韩国', 'ds': '官网', 'status': '量产', 'category': 'IC-BIP^Genreal Purpuse Regulator', 'product_number': 'FR7809T'}}解析完成
2026-03-17 16:10:59 | INFO     | common.mq.mq_producer:send_message:120 | Message PROD-DARWIN-DISPATCH-RECORD sent successfully. Message ID: 01F068E34815F5267809CAA6930000001D
2026-03-17 16:10:59 | INFO     | firstsilicon-product-run:<module>:27 | {'type': 'PPN', 'datasheets': [{'raw_path': 'https://www.firstsilicon.co.kr/pro10/business/download?cate_id=0101&pd_id=266&pf_id=0'}], 'product': {'brand': 'firstsilicon', 'country': '韩国', 'ds': '官网', 'status': '量产', 'category': 'IC-BIP^Genreal Purpuse Regulator', 'product_number': 'FR7810D'}}解析完成
2026-03-17 16:10:59 | INFO     | common.mq.mq_producer:send_message:120 | Message PROD-DARWIN-DISPATCH-RECORD sent successfully. Message ID: 01F068E34815F5267809CAA6930000001E
2026-03-17 16:10:59 | INFO     | firstsilicon-product-run:<module>:27 | {'type': 'PPN', 'datasheets': [{'raw_path': 'https://www.firstsilicon.co.kr/pro10/business/download?cate_id=0101&pd_id=275&pf_id=0'}], 'product': {'brand': 'firstsilicon', 'country': '韩国', 'ds': '官网', 'status': '量产', 'category': 'IC-BIP^Genreal Purpuse Regulator', 'product_number': 'FR7810DD'}}解析完成
2026-03-17 16:10:59 | INFO     | common.mq.mq_producer:send_message:120 | Message PROD-DARWIN-DISPATCH-RECORD sent successfully. Message ID: 01F068E34815F5267809CAA6930000001F
2026-03-17 16:10:59 | INFO     | firstsilicon-product-run:<module>:27 | {'type': 'PPN', 'datasheets': [{'raw_path': 'https://www.firstsilicon.co.kr/pro10/business/download?cate_id=0101&pd_id=5424&pf_id=0'}], 'product': {'brand': 'firstsilicon', 'country': '韩国', 'ds': '官网', 'status': '量产', 'category': 'IC-BIP^Genreal Purpuse Regulator', 'product_number': 'FR7810F'}}解析完成
2026-03-17 16:10:59 | INFO     | common.mq.mq_producer:send_message:120 | Message PROD-DARWIN-DISPATCH-RECORD sent successfully. Message ID: 01F068E34815F5267809CAA69300000020
2026-03-17 16:10:59 | INFO     | firstsilicon-product-run:<module>:27 | {'type': 'PPN', 'datasheets': [{'raw_path': 'https://www.firstsilicon.co.kr/pro10/business/download?cate_id=0101&pd_id=257&pf_id=0'}], 'product': {'brand': 'firstsilicon', 'country': '韩国', 'ds': '官网', 'status': '量产', 'category': 'IC-BIP^Genreal Purpuse Regulator', 'product_number': 'FR7810P'}}解析完成
2026-03-17 16:10:59 | INFO     | common.mq.mq_producer:send_message:120 | Message PROD-DARWIN-DISPATCH-RECORD sent successfully. Message ID: 01F068E34815F5267809CAA69300000021
2026-03-17 16:10:59 | INFO     | firstsilicon-product-run:<module>:27 | {'type': 'PPN', 'datasheets': [{'raw_path': 'https://www.firstsilicon.co.kr/pro10/business/download?cate_id=0101&pd_id=3940&pf_id=0'}], 'product': {'brand': 'firstsilicon', 'country': '韩国', 'ds': '官网', 'status': '量产', 'category': 'IC-BIP^Genreal Purpuse Regulator', 'product_number': 'FR7810T'}}解析完成
2026-03-17 16:10:59 | INFO     | common.mq.mq_producer:send_message:120 | Message PROD-DARWIN-DISPATCH-RECORD sent successfully. Message ID: 01F068E34815F5267809CAA69300000022
2026-03-17 16:10:59 | INFO     | firstsilicon-product-run:<module>:27 | {'type': 'PPN', 'datasheets': [{'raw_path': 'https://www.firstsilicon.co.kr/pro10/business/download?cate_id=0101&pd_id=267&pf_id=0'}], 'product': {'brand': 'firstsilicon', 'country': '韩国', 'ds': '官网', 'status': '量产', 'category': 'IC-BIP^Genreal Purpuse Regulator', 'product_number': 'FR7812D'}}解析完成
2026-03-17 16:10:59 | INFO     | common.mq.mq_producer:send_message:120 | Message PROD-DARWIN-DISPATCH-RECORD sent successfully. Message ID: 01F068E34815F5267809CAA69300000023
2026-03-17 16:10:59 | INFO     | firstsilicon-product-run:<module>:27 | {'type': 'PPN', 'datasheets': [{'raw_path': 'https://www.firstsilicon.co.kr/pro10/business/download?cate_id=0101&pd_id=276&pf_id=0'}], 'product': {'brand': 'firstsilicon', 'country': '韩国', 'ds': '官网', 'status': '量产', 'category': 'IC-BIP^Genreal Purpuse Regulator', 'product_number': 'FR7812DD'}}解析完成
2026-03-17 16:10:59 | INFO     | common.mq.mq_producer:send_message:120 | Message PROD-DARWIN-DISPATCH-RECORD sent successfully. Message ID: 01F068E34815F5267809CAA69300000024
2026-03-17 16:10:59 | INFO     | firstsilicon-product-run:<module>:27 | {'type': 'PPN', 'datasheets': [{'raw_path': 'https://www.firstsilicon.co.kr/pro10/business/download?cate_id=0101&pd_id=5425&pf_id=0'}], 'product': {'brand': 'firstsilicon', 'country': '韩国', 'ds': '官网', 'status': '量产', 'category': 'IC-BIP^Genreal Purpuse Regulator', 'product_number': 'FR7812F'}}解析完成
2026-03-17 16:10:59 | INFO     | common.mq.mq_producer:send_message:120 | Message PROD-DARWIN-DISPATCH-RECORD sent successfully. Message ID: 01F068E34815F5267809CAA69300000025
2026-03-17 16:10:59 | INFO     | firstsilicon-product-run:<module>:27 | {'type': 'PPN', 'datasheets': [{'raw_path': 'https://www.firstsilicon.co.kr/pro10/business/download?cate_id=0101&pd_id=258&pf_id=0'}], 'product': {'brand': 'firstsilicon', 'country': '韩国', 'ds': '官网', 'status': '量产', 'category': 'IC-BIP^Genreal Purpuse Regulator', 'product_number': 'FR7812P'}}解析完成
2026-03-17 16:10:59 | INFO     | common.mq.mq_producer:send_message:120 | Message PROD-DARWIN-DISPATCH-RECORD sent successfully. Message ID: 01F068E34815F5267809CAA69300000026
2026-03-17 16:10:59 | INFO     | firstsilicon-product-run:<module>:27 | {'type': 'PPN', 'datasheets': [{'raw_path': 'https://www.firstsilicon.co.kr/pro10/business/download?cate_id=0101&pd_id=3941&pf_id=0'}], 'product': {'brand': 'firstsilicon', 'country': '韩国', 'ds': '官网', 'status': '量产', 'category': 'IC-BIP^Genreal Purpuse Regulator', 'product_number': 'FR7812T'}}解析完成
2026-03-17 16:10:59 | INFO     | common.mq.mq_producer:send_message:120 | Message PROD-DARWIN-DISPATCH-RECORD sent successfully. Message ID: 01F068E34815F5267809CAA69300000027
2026-03-17 16:10:59 | INFO     | firstsilicon-product-run:<module>:27 | {'type': 'PPN', 'datasheets': [{'raw_path': 'https://www.firstsilicon.co.kr/pro10/business/download?cate_id=0101&pd_id=268&pf_id=0'}], 'product': {'brand': 'firstsilicon', 'country': '韩国', 'ds': '官网', 'status': '量产', 'category': 'IC-BIP^Genreal Purpuse Regulator', 'product_number': 'FR7815D'}}解析完成
2026-03-17 16:10:59 | INFO     | common.mq.mq_producer:send_message:120 | Message PROD-DARWIN-DISPATCH-RECORD sent successfully. Message ID: 01F068E34815F5267809CAA69300000028
2026-03-17 16:10:59 | INFO     | firstsilicon-product-run:<module>:27 | {'type': 'PPN', 'datasheets': [{'raw_path': 'https://www.firstsilicon.co.kr/pro10/business/download?cate_id=0101&pd_id=277&pf_id=0'}], 'product': {'brand': 'firstsilicon', 'country': '韩国', 'ds': '官网', 'status': '量产', 'category': 'IC-BIP^Genreal Purpuse Regulator', 'product_number': 'FR7815DD'}}解析完成
2026-03-17 16:10:59 | INFO     | common.mq.mq_producer:send_message:120 | Message PROD-DARWIN-DISPATCH-RECORD sent successfully. Message ID: 01F068E34815F5267809CAA69300000029
2026-03-17 16:10:59 | INFO     | firstsilicon-product-run:<module>:27 | {'type': 'PPN', 'datasheets': [{'raw_path': 'https://www.firstsilicon.co.kr/pro10/business/download?cate_id=0101&pd_id=5426&pf_id=0'}], 'product': {'brand': 'firstsilicon', 'country': '韩国', 'ds': '官网', 'status': '量产', 'category': 'IC-BIP^Genreal Purpuse Regulator', 'product_number': 'FR7815F'}}解析完成
2026-03-17 16:10:59 | INFO     | common.mq.mq_producer:send_message:120 | Message PROD-DARWIN-DISPATCH-RECORD sent successfully. Message ID: 01F068E34815F5267809CAA6930000002A
2026-03-17 16:10:59 | INFO     | firstsilicon-product-run:<module>:27 | {'type': 'PPN', 'datasheets': [{'raw_path': 'https://www.firstsilicon.co.kr/pro10/business/download?cate_id=0101&pd_id=259&pf_id=0'}], 'product': {'brand': 'firstsilicon', 'country': '韩国', 'ds': '官网', 'status': '量产', 'category': 'IC-BIP^Genreal Purpuse Regulator', 'product_number': 'FR7815P'}}解析完成
2026-03-17 16:10:59 | INFO     | common.mq.mq_producer:send_message:120 | Message PROD-DARWIN-DISPATCH-RECORD sent successfully. Message ID: 01F068E34815F5267809CAA6930000002B
2026-03-17 16:10:59 | INFO     | firstsilicon-product-run:<module>:27 | {'type': 'PPN', 'datasheets': [{'raw_path': 'https://www.firstsilicon.co.kr/pro10/business/download?cate_id=0101&pd_id=269&pf_id=0'}], 'product': {'brand': 'firstsilicon', 'country': '韩国', 'ds': '官网', 'status': '量产', 'category': 'IC-BIP^Genreal Purpuse Regulator', 'product_number': 'FR7818D'}}解析完成
2026-03-17 16:10:59 | INFO     | common.mq.mq_producer:send_message:120 | Message PROD-DARWIN-DISPATCH-RECORD sent successfully. Message ID: 01F068E34815F5267809CAA6930000002C
2026-03-17 16:10:59 | INFO     | firstsilicon-product-run:<module>:27 | {'type': 'PPN', 'datasheets': [{'raw_path': 'https://www.firstsilicon.co.kr/pro10/business/download?cate_id=0101&pd_id=278&pf_id=0'}], 'product': {'brand': 'firstsilicon', 'country': '韩国', 'ds': '官网', 'status': '量产', 'category': 'IC-BIP^Genreal Purpuse Regulator', 'product_number': 'FR7818DD'}}解析完成
2026-03-17 16:10:59 | INFO     | common.mq.mq_producer:send_message:120 | Message PROD-DARWIN-DISPATCH-RECORD sent successfully. Message ID: 01F068E34815F5267809CAA6930000002D
2026-03-17 16:10:59 | INFO     | firstsilicon-product-run:<module>:27 | {'type': 'PPN', 'datasheets': [{'raw_path': 'https://www.firstsilicon.co.kr/pro10/business/download?cate_id=0101&pd_id=260&pf_id=0'}], 'product': {'brand': 'firstsilicon', 'country': '韩国', 'ds': '官网', 'status': '量产', 'category': 'IC-BIP^Genreal Purpuse Regulator', 'product_number': 'FR7818P'}}解析完成
2026-03-17 16:10:59 | INFO     | common.mq.mq_producer:send_message:120 | Message PROD-DARWIN-DISPATCH-RECORD sent successfully. Message ID: 01F068E34815F5267809CAA6930000002E
2026-03-17 16:10:59 | INFO     | firstsilicon-product-run:<module>:27 | {'type': 'PPN', 'datasheets': [{'raw_path': 'https://www.firstsilicon.co.kr/pro10/business/download?cate_id=0101&pd_id=270&pf_id=0'}], 'product': {'brand': 'firstsilicon', 'country': '韩国', 'ds': '官网', 'status': '量产', 'category': 'IC-BIP^Genreal Purpuse Regulator', 'product_number': 'FR7824D'}}解析完成
2026-03-17 16:10:59 | INFO     | common.mq.mq_producer:send_message:120 | Message PROD-DARWIN-DISPATCH-RECORD sent successfully. Message ID: 01F068E34815F5267809CAA6930000002F
2026-03-17 16:10:59 | INFO     | firstsilicon-product-run:<module>:27 | {'type': 'PPN', 'datasheets': [{'raw_path': 'https://www.firstsilicon.co.kr/pro10/business/download?cate_id=0101&pd_id=279&pf_id=0'}], 'product': {'brand': 'firstsilicon', 'country': '韩国', 'ds': '官网', 'status': '量产', 'category': 'IC-BIP^Genreal Purpuse Regulator', 'product_number': 'FR7824DD'}}解析完成
2026-03-17 16:10:59 | INFO     | common.mq.mq_producer:send_message:120 | Message PROD-DARWIN-DISPATCH-RECORD sent successfully. Message ID: 01F068E34815F5267809CAA69300000030
2026-03-17 16:10:59 | INFO     | firstsilicon-product-run:<module>:27 | {'type': 'PPN', 'datasheets': [{'raw_path': 'https://www.firstsilicon.co.kr/pro10/business/download?cate_id=0101&pd_id=261&pf_id=0'}], 'product': {'brand': 'firstsilicon', 'country': '韩国', 'ds': '官网', 'status': '量产', 'category': 'IC-BIP^Genreal Purpuse Regulator', 'product_number': 'FR7824P'}}解析完成
2026-03-17 16:10:59 | INFO     | common.mq.mq_producer:send_message:120 | Message PROD-DARWIN-DISPATCH-RECORD sent successfully. Message ID: 01F068E34815F5267809CAA69300000031
2026-03-17 16:10:59 | INFO     | firstsilicon-product-run:<module>:27 | {'type': 'PPN', 'datasheets': [{'raw_path': 'https://www.firstsilicon.co.kr/pro10/business/download?cate_id=0101&pd_id=5&pf_id=0'}], 'product': {'brand': 'firstsilicon', 'country': '韩国', 'ds': '官网', 'status': '量产', 'category': 'IC-BIP^Genreal Purpuse Regulator', 'product_number': 'FR78L05'}}解析完成
2026-03-17 16:10:59 | INFO     | common.mq.mq_producer:send_message:120 | Message PROD-DARWIN-DISPATCH-RECORD sent successfully. Message ID: 01F068E34815F5267809CAA69300000032
2026-03-17 16:10:59 | INFO     | firstsilicon-product-run:<module>:27 | {'type': 'PPN', 'datasheets': [{'raw_path': 'https://www.firstsilicon.co.kr/pro10/business/download?cate_id=0101&pd_id=144&pf_id=0'}], 'product': {'brand': 'firstsilicon', 'country': '韩国', 'ds': '官网', 'status': '量产', 'category': 'IC-BIP^Genreal Purpuse Regulator', 'product_number': 'FR78L05F'}}解析完成
2026-03-17 16:10:59 | INFO     | common.mq.mq_producer:send_message:120 | Message PROD-DARWIN-DISPATCH-RECORD sent successfully. Message ID: 01F068E34815F5267809CAA69300000033
2026-03-17 16:10:59 | INFO     | firstsilicon-product-run:<module>:27 | {'type': 'PPN', 'datasheets': [{'raw_path': 'https://www.firstsilicon.co.kr/pro10/business/download?cate_id=0101&pd_id=4442&pf_id=0'}], 'product': {'brand': 'firstsilicon', 'country': '韩国', 'ds': '官网', 'status': '量产', 'category': 'IC-BIP^Genreal Purpuse Regulator', 'product_number': 'FR78L05SOP'}}解析完成
2026-03-17 16:10:59 | INFO     | common.mq.mq_producer:send_message:120 | Message PROD-DARWIN-DISPATCH-RECORD sent successfully. Message ID: 01F068E34815F5267809CAA69300000034
2026-03-17 16:10:59 | INFO     | firstsilicon-product-run:<module>:27 | {'type': 'PPN', 'datasheets': [{'raw_path': 'https://www.firstsilicon.co.kr/pro10/business/download?cate_id=0101&pd_id=145&pf_id=0'}], 'product': {'brand': 'firstsilicon', 'country': '韩国', 'ds': '官网', 'status': '量产', 'category': 'IC-BIP^Genreal Purpuse Regulator', 'product_number': 'FR78L06'}}解析完成
2026-03-17 16:10:59 | INFO     | common.mq.mq_producer:send_message:120 | Message PROD-DARWIN-DISPATCH-RECORD sent successfully. Message ID: 01F068E34815F5267809CAA69300000035
2026-03-17 16:10:59 | INFO     | firstsilicon-product-run:<module>:27 | {'type': 'PPN', 'datasheets': [{'raw_path': 'https://www.firstsilicon.co.kr/pro10/business/download?cate_id=0101&pd_id=146&pf_id=0'}], 'product': {'brand': 'firstsilicon', 'country': '韩国', 'ds': '官网', 'status': '量产', 'category': 'IC-BIP^Genreal Purpuse Regulator', 'product_number': 'FR78L06F'}}解析完成
2026-03-17 16:10:59 | INFO     | common.mq.mq_producer:send_message:120 | Message PROD-DARWIN-DISPATCH-RECORD sent successfully. Message ID: 01F068E34815F5267809CAA69300000036
2026-03-17 16:10:59 | INFO     | firstsilicon-product-run:<module>:27 | {'type': 'PPN', 'datasheets': [{'raw_path': 'https://www.firstsilicon.co.kr/pro10/business/download?cate_id=0101&pd_id=4443&pf_id=0'}], 'product': {'brand': 'firstsilicon', 'country': '韩国', 'ds': '官网', 'status': '量产', 'category': 'IC-BIP^Genreal Purpuse Regulator', 'product_number': 'FR78L06SOP'}}解析完成
2026-03-17 16:10:59 | INFO     | common.mq.mq_producer:send_message:120 | Message PROD-DARWIN-DISPATCH-RECORD sent successfully. Message ID: 01F068E34815F5267809CAA69300000037
2026-03-17 16:10:59 | INFO     | firstsilicon-product-run:<module>:27 | {'type': 'PPN', 'datasheets': [{'raw_path': 'https://www.firstsilicon.co.kr/pro10/business/download?cate_id=0101&pd_id=147&pf_id=0'}], 'product': {'brand': 'firstsilicon', 'country': '韩国', 'ds': '官网', 'status': '量产', 'category': 'IC-BIP^Genreal Purpuse Regulator', 'product_number': 'FR78L08'}}解析完成
2026-03-17 16:10:59 | INFO     | common.mq.mq_producer:send_message:120 | Message PROD-DARWIN-DISPATCH-RECORD sent successfully. Message ID: 01F068E34815F5267809CAA69300000038
2026-03-17 16:10:59 | INFO     | firstsilicon-product-run:<module>:27 | {'type': 'PPN', 'datasheets': [{'raw_path': 'https://www.firstsilicon.co.kr/pro10/business/download?cate_id=0101&pd_id=148&pf_id=0'}], 'product': {'brand': 'firstsilicon', 'country': '韩国', 'ds': '官网', 'status': '量产', 'category': 'IC-BIP^Genreal Purpuse Regulator', 'product_number': 'FR78L08F'}}解析完成
2026-03-17 16:10:59 | INFO     | common.mq.mq_producer:send_message:120 | Message PROD-DARWIN-DISPATCH-RECORD sent successfully. Message ID: 01F068E34815F5267809CAA69300000039
2026-03-17 16:10:59 | INFO     | firstsilicon-product-run:<module>:27 | {'type': 'PPN', 'datasheets': [{'raw_path': 'https://www.firstsilicon.co.kr/pro10/business/download?cate_id=0101&pd_id=4444&pf_id=0'}], 'product': {'brand': 'firstsilicon', 'country': '韩国', 'ds': '官网', 'status': '量产', 'category': 'IC-BIP^Genreal Purpuse Regulator', 'product_number': 'FR78L08SOP'}}解析完成
2026-03-17 16:10:59 | INFO     | common.mq.mq_producer:send_message:120 | Message PROD-DARWIN-DISPATCH-RECORD sent successfully. Message ID: 01F068E34815F5267809CAA6930000003A
2026-03-17 16:10:59 | INFO     | firstsilicon-product-run:<module>:27 | {'type': 'PPN', 'datasheets': [{'raw_path': 'https://www.firstsilicon.co.kr/pro10/business/download?cate_id=0101&pd_id=149&pf_id=0'}], 'product': {'brand': 'firstsilicon', 'country': '韩国', 'ds': '官网', 'status': '量产', 'category': 'IC-BIP^Genreal Purpuse Regulator', 'product_number': 'FR78L09'}}解析完成
2026-03-17 16:10:59 | INFO     | common.mq.mq_producer:send_message:120 | Message PROD-DARWIN-DISPATCH-RECORD sent successfully. Message ID: 01F068E34815F5267809CAA6930000003B
2026-03-17 16:10:59 | INFO     | firstsilicon-product-run:<module>:27 | {'type': 'PPN', 'datasheets': [{'raw_path': 'https://www.firstsilicon.co.kr/pro10/business/download?cate_id=0101&pd_id=150&pf_id=0'}], 'product': {'brand': 'firstsilicon', 'country': '韩国', 'ds': '官网', 'status': '量产', 'category': 'IC-BIP^Genreal Purpuse Regulator', 'product_number': 'FR78L09F'}}解析完成
2026-03-17 16:10:59 | INFO     | common.mq.mq_producer:send_message:120 | Message PROD-DARWIN-DISPATCH-RECORD sent successfully. Message ID: 01F068E34815F5267809CAA6930000003C
2026-03-17 16:10:59 | INFO     | firstsilicon-product-run:<module>:27 | {'type': 'PPN', 'datasheets': [{'raw_path': 'https://www.firstsilicon.co.kr/pro10/business/download?cate_id=0101&pd_id=4445&pf_id=0'}], 'product': {'brand': 'firstsilicon', 'country': '韩国', 'ds': '官网', 'status': '量产', 'category': 'IC-BIP^Genreal Purpuse Regulator', 'product_number': 'FR78L09SOP'}}解析完成
2026-03-17 16:10:59 | INFO     | common.mq.mq_producer:send_message:120 | Message PROD-DARWIN-DISPATCH-RECORD sent successfully. Message ID: 01F068E34815F5267809CAA6930000003D
2026-03-17 16:10:59 | INFO     | firstsilicon-product-run:<module>:27 | {'type': 'PPN', 'datasheets': [{'raw_path': 'https://www.firstsilicon.co.kr/pro10/business/download?cate_id=0101&pd_id=151&pf_id=0'}], 'product': {'brand': 'firstsilicon', 'country': '韩国', 'ds': '官网', 'status': '量产', 'category': 'IC-BIP^Genreal Purpuse Regulator', 'product_number': 'FR78L10'}}解析完成
2026-03-17 16:10:59 | INFO     | common.mq.mq_producer:send_message:120 | Message PROD-DARWIN-DISPATCH-RECORD sent successfully. Message ID: 01F068E34815F5267809CAA6930000003E
2026-03-17 16:10:59 | INFO     | firstsilicon-product-run:<module>:27 | {'type': 'PPN', 'datasheets': [{'raw_path': 'https://www.firstsilicon.co.kr/pro10/business/download?cate_id=0101&pd_id=152&pf_id=0'}], 'product': {'brand': 'firstsilicon', 'country': '韩国', 'ds': '官网', 'status': '量产', 'category': 'IC-BIP^Genreal Purpuse Regulator', 'product_number': 'FR78L10F'}}解析完成
2026-03-17 16:10:59 | INFO     | common.mq.mq_producer:send_message:120 | Message PROD-DARWIN-DISPATCH-RECORD sent successfully. Message ID: 01F068E34815F5267809CAA6930000003F
2026-03-17 16:10:59 | INFO     | firstsilicon-product-run:<module>:27 | {'type': 'PPN', 'datasheets': [{'raw_path': 'https://www.firstsilicon.co.kr/pro10/business/download?cate_id=0101&pd_id=4446&pf_id=0'}], 'product': {'brand': 'firstsilicon', 'country': '韩国', 'ds': '官网', 'status': '量产', 'category': 'IC-BIP^Genreal Purpuse Regulator', 'product_number': 'FR78L10SOP'}}解析完成
2026-03-17 16:10:59 | INFO     | common.mq.mq_producer:send_message:120 | Message PROD-DARWIN-DISPATCH-RECORD sent successfully. Message ID: 01F068E34815F5267809CAA69300000040
2026-03-17 16:10:59 | INFO     | firstsilicon-product-run:<module>:27 | {'type': 'PPN', 'datasheets': [{'raw_path': 'https://www.firstsilicon.co.kr/pro10/business/download?cate_id=0101&pd_id=153&pf_id=0'}], 'product': {'brand': 'firstsilicon', 'country': '韩国', 'ds': '官网', 'status': '量产', 'category': 'IC-BIP^Genreal Purpuse Regulator', 'product_number': 'FR78L12'}}解析完成
2026-03-17 16:10:59 | INFO     | common.mq.mq_producer:send_message:120 | Message PROD-DARWIN-DISPATCH-RECORD sent successfully. Message ID: 01F068E34815F5267809CAA69300000041
2026-03-17 16:10:59 | INFO     | firstsilicon-product-run:<module>:27 | {'type': 'PPN', 'datasheets': [{'raw_path': 'https://www.firstsilicon.co.kr/pro10/business/download?cate_id=0101&pd_id=154&pf_id=0'}], 'product': {'brand': 'firstsilicon', 'country': '韩国', 'ds': '官网', 'status': '量产', 'category': 'IC-BIP^Genreal Purpuse Regulator', 'product_number': 'FR78L12F'}}解析完成
2026-03-17 16:10:59 | INFO     | common.mq.mq_producer:send_message:120 | Message PROD-DARWIN-DISPATCH-RECORD sent successfully. Message ID: 01F068E34815F5267809CAA69300000042
2026-03-17 16:10:59 | INFO     | firstsilicon-product-run:<module>:27 | {'type': 'PPN', 'datasheets': [{'raw_path': 'https://www.firstsilicon.co.kr/pro10/business/download?cate_id=0101&pd_id=4447&pf_id=0'}], 'product': {'brand': 'firstsilicon', 'country': '韩国', 'ds': '官网', 'status': '量产', 'category': 'IC-BIP^Genreal Purpuse Regulator', 'product_number': 'FR78L12SOP'}}解析完成
