2026-02-05 17:20:19 - product-run - INFO - https://www.silergy.com/list/294共提取到 43 个产品数据：
2026-02-05 17:20:20 - product-run - INFO - SY6355DBC解析完成
2026-02-05 17:20:22 - product-run - INFO - SY6355BTDD解析完成
2026-02-05 17:20:23 - product-run - INFO - SY6353MAC解析完成
2026-02-05 17:20:25 - product-run - INFO - SY6345AAC解析完成
2026-02-05 17:20:27 - product-run - INFO - SY6340ZDED解析完成
2026-02-05 17:20:28 - product-run - INFO - SY6340DEC解析完成
2026-02-05 17:20:29 - product-run - INFO - SY6340BAAC解析完成
2026-02-05 17:20:30 - product-run - INFO - SY6340AAC解析完成
2026-02-05 17:20:31 - product-run - INFO - SY6321FCC解析完成
2026-02-05 17:20:32 - product-run - INFO - SY6321DAC解析完成
2026-02-05 17:20:32 - product-run - INFO - SY6321CSED解析完成
2026-02-05 17:20:34 - product-run - INFO - SY6321BSED解析完成
2026-02-05 17:20:34 - product-run - INFO - SY6307BSCC解析完成
2026-02-05 17:20:35 - product-run - INFO - SY6301DSC解析完成
2026-02-05 17:20:36 - product-run - INFO - SY6301BAJC解析完成
2026-02-05 17:20:37 - product-run - INFO - SY6103MAC解析完成
2026-02-05 17:20:38 - product-run - INFO - SY6103JBC解析完成
2026-02-05 17:20:39 - product-run - INFO - SQ24345HDGD解析完成
2026-02-05 17:20:40 - product-run - INFO - SQ24340DED解析完成
2026-02-05 17:20:41 - product-run - INFO - SQ24335DBD解析完成
2026-02-05 17:20:43 - product-run - INFO - SQ24335BTDD解析完成
2026-02-05 17:20:44 - product-run - INFO - SQ24333MAB解析完成
2026-02-05 17:20:45 - product-run - INFO - SQ24303CRBQ解析完成
2026-02-05 17:20:46 - product-run - INFO - SQ24302FCC解析完成
2026-02-05 17:20:47 - product-run - INFO - SQ24302DAC解析完成
2026-02-05 17:20:48 - product-run - INFO - SQ24302BSED解析完成
2026-02-05 17:20:49 - product-run - INFO - SQ24301DSD解析完成
2026-02-05 17:20:50 - product-run - INFO - SA21345QFCP解析完成
2026-02-05 17:20:51 - product-run - INFO - SA21345NFCP解析完成
2026-02-05 17:20:52 - product-run - INFO - SA21345GFAA解析完成
2026-02-05 17:20:53 - product-run - INFO - SA21345DAAA解析完成
2026-02-05 17:20:54 - product-run - INFO - SA21345CDFD解析完成
2026-02-05 17:20:55 - product-run - INFO - SA21345AFCA解析完成
2026-02-05 17:20:56 - product-run - INFO - SA21340PFCP解析完成
2026-02-05 17:20:56 - product-run - INFO - SA21340PDAD解析完成
2026-02-05 17:20:57 - product-run - INFO - SA21340IFCP解析完成
2026-02-05 17:20:59 - product-run - INFO - SA21340IAAT解析完成
2026-02-05 17:21:01 - product-run - INFO - SA21340FCA解析完成
2026-02-05 17:21:02 - product-run - INFO - SA21309B00DAD解析完成
2026-02-05 17:21:04 - product-run - INFO - SA21309A00DAD解析完成
2026-02-05 17:21:06 - product-run - INFO - SA21308B00DED解析完成
2026-02-05 17:21:08 - product-run - INFO - SA21308A00DED解析完成
2026-02-05 17:21:12 - product-run - INFO - SA21305AUYS解析完成
2026-02-05 17:21:13 - product-run - INFO - https://www.silergy.com/list/278共提取到 14 个产品数据：
2026-02-05 17:21:13 - product-run - INFO - SY67134FCC解析完成
2026-02-05 17:21:19 - product-run - INFO - SA52902QEQ解析完成
2026-02-05 17:21:20 - product-run - INFO - SA52270LFFP解析完成
2026-02-05 17:21:22 - product-run - INFO - SA52270FFP解析完成
2026-02-05 17:21:23 - product-run - INFO - SA52128BHHP解析完成
2026-02-05 17:21:27 - product-run - INFO - SA52126HHP解析完成
2026-02-05 17:21:28 - product-run - INFO - SA52122BHHP解析完成
2026-02-05 17:21:31 - product-run - INFO - SA52116VAQ解析完成
2026-02-05 17:21:35 - product-run - INFO - SA52112VAQ解析完成
2026-02-05 17:21:38 - product-run - INFO - SA52108HHP解析完成
2026-02-05 17:21:41 - product-run - INFO - SA52106VAA解析完成
2026-02-05 17:21:43 - product-run - INFO - SA52106HHP解析完成
2026-02-05 17:21:44 - product-run - INFO - SA52128LHHP解析完成
2026-02-05 17:21:45 - product-run - INFO - SA52110HHP解析完成
2026-02-05 17:21:45 - product-run - INFO - https://www.silergy.com/list/279共提取到 1 个产品数据：
2026-02-05 17:21:48 - product-run - INFO - SY67626RPQ解析完成
2026-02-05 17:21:50 - product-run - INFO - https://www.silergy.com/list/281共提取到 2 个产品数据：
2026-02-05 17:21:52 - product-run - INFO - SY67343HHP解析完成
2026-02-05 17:21:55 - product-run - INFO - SY67333HHC解析完成
2026-02-05 17:21:55 - product-run - INFO - https://www.silergy.com/list/280共提取到 4 个产品数据：
2026-02-05 17:21:58 - product-run - INFO - SY67221HKP解析完成
2026-02-05 17:22:00 - product-run - INFO - SY67211FHC解析完成
2026-02-05 17:22:01 - product-run - INFO - SY6703QIC解析完成
2026-02-05 17:22:04 - product-run - INFO - SY6703HFC解析完成
2026-02-05 17:22:04 - product-run - INFO - https://www.silergy.com/list/288共提取到 193 个产品数据：
2026-02-05 17:22:06 - product-run - INFO - SY8884ADFC解析完成
2026-02-05 17:22:08 - product-run - INFO - SY8493FCC解析完成
2026-02-05 17:22:10 - product-run - INFO - SY8371BTMC解析完成
2026-02-05 17:22:12 - product-run - INFO - SY8308RBC解析完成
2026-02-05 17:22:14 - product-run - INFO - SY81020VDC解析完成
2026-02-05 17:22:18 - product-run - INFO - SY80706SYC解析完成
2026-02-05 17:22:20 - product-run - INFO - SY80004DQD解析完成
2026-02-05 17:22:22 - product-run - INFO - SY80003DQD解析完成
2026-02-05 17:22:27 - product-run - INFO - SQ27692FCC解析完成
2026-02-05 17:22:29 - product-run - INFO - SY89001FCC解析完成
2026-02-05 17:22:32 - product-run - INFO - SY89000FCC解析完成
2026-02-05 17:22:36 - product-run - INFO - SY8893LARC解析完成
2026-02-05 17:22:40 - product-run - INFO - SY8893EARC解析完成
2026-02-05 17:22:43 - product-run - INFO - SY8893ARC解析完成
2026-02-05 17:22:47 - product-run - INFO - SY8892EARC解析完成
2026-02-05 17:22:50 - product-run - INFO - SY8892ARC解析完成
2026-02-05 17:22:52 - product-run - INFO - SY8891EARC解析完成
2026-02-05 17:22:56 - product-run - INFO - SY8891ARC解析完成
2026-02-05 17:22:58 - product-run - INFO - SY8883EDFC解析完成
2026-02-05 17:23:01 - product-run - INFO - SY8876DFC解析完成
2026-02-05 17:23:04 - product-run - INFO - SY8871BDFC解析完成
2026-02-05 17:23:06 - product-run - INFO - SY8868QMC解析完成
2026-02-05 17:23:07 - product-run - INFO - SY8859QWC解析完成
2026-02-05 17:23:11 - product-run - INFO - SY8859LQWC解析完成
2026-02-05 17:23:12 - product-run - INFO - SY8856DFC解析完成
2026-02-05 17:23:15 - product-run - INFO - SY8851BDFC解析完成
2026-02-05 17:23:16 - product-run - INFO - SY8843QWC解析完成
2026-02-05 17:23:17 - product-run - INFO - SY8843LQWC解析完成
2026-02-05 17:23:18 - product-run - INFO - SY8843EQWC解析完成
2026-02-05 17:23:19 - product-run - INFO - SY8842QWC解析完成
2026-02-05 17:23:20 - product-run - INFO - SY8841ARC解析完成
2026-02-05 17:23:21 - product-run - INFO - SY8832AIC解析完成
2026-02-05 17:23:22 - product-run - INFO - SY8831AIC解析完成
2026-02-05 17:23:23 - product-run - INFO - SY8827PPKC解析完成
2026-02-05 17:23:24 - product-run - INFO - SY8827NPKC解析完成
2026-02-05 17:23:25 - product-run - INFO - SY8827KPKC解析完成
2026-02-05 17:23:27 - product-run - INFO - SY8825QUC解析完成
2026-02-05 17:23:28 - product-run - INFO - SY8824CAIC解析完成
2026-02-05 17:23:29 - product-run - INFO - SY8824BAIC解析完成
2026-02-05 17:23:32 - product-run - INFO - SY8821SAC解析完成
2026-02-05 17:23:33 - product-run - INFO - SY8821BSAC解析完成
2026-02-05 17:23:35 - product-run - INFO - SY8816DFC解析完成
2026-02-05 17:23:36 - product-run - INFO - SY8810QQC解析完成
2026-02-05 17:23:38 - product-run - INFO - SY8521SXC解析完成
2026-02-05 17:23:39 - product-run - INFO - SY8513FCC解析完成
2026-02-05 17:23:41 - product-run - INFO - SY8512FCC解析完成
2026-02-05 17:23:42 - product-run - INFO - SY8511BADC解析完成
2026-02-05 17:23:44 - product-run - INFO - SY8511ADC解析完成
2026-02-05 17:23:46 - product-run - INFO - SY8502FCC解析完成
2026-02-05 17:23:47 - product-run - INFO - SY8502AFCC解析完成
2026-02-05 17:23:48 - product-run - INFO - SY8501FCC解析完成
2026-02-05 17:23:51 - product-run - INFO - SY8492FCC解析完成
2026-02-05 17:23:52 - product-run - INFO - SY8401ABC解析完成
2026-02-05 17:23:55 - product-run - INFO - SY8370TMC解析完成
2026-02-05 17:23:56 - product-run - INFO - SY8370FTMC解析完成
2026-02-05 17:24:00 - product-run - INFO - SY8370C1TMC解析完成
2026-02-05 17:24:03 - product-run - INFO - SY8310RAC解析完成
2026-02-05 17:24:06 - product-run - INFO - SY8310DRAC解析完成
2026-02-05 17:24:07 - product-run - INFO - SY83088RHC解析完成
2026-02-05 17:24:08 - product-run - INFO - SY83088CRHC解析完成
2026-02-05 17:24:09 - product-run - INFO - SY83088BRHC解析完成
2026-02-05 17:24:10 - product-run - INFO - SY83088ARHC解析完成
2026-02-05 17:24:11 - product-run - INFO - SY83086RHC解析完成
2026-02-05 17:24:12 - product-run - INFO - SY83086BRHC解析完成
2026-02-05 17:24:13 - product-run - INFO - SY83086ARHC解析完成
2026-02-05 17:24:16 - product-run - INFO - SY8303AAIC解析完成
2026-02-05 17:24:18 - product-run - INFO - SY8301ABC解析完成
2026-02-05 17:24:20 - product-run - INFO - SY8293FCC解析完成
2026-02-05 17:24:23 - product-run - INFO - SY8292ABC解析完成
2026-02-05 17:24:25 - product-run - INFO - SY8291FABC解析完成
2026-02-05 17:24:27 - product-run - INFO - SY8291ABC解析完成
2026-02-05 17:24:29 - product-run - INFO - SY8290ABC解析完成
2026-02-05 17:24:31 - product-run - INFO - SY82852ABT解析完成
2026-02-05 17:24:33 - product-run - INFO - SY82808WYQ解析完成
2026-02-05 17:24:34 - product-run - INFO - SY82806WYQ解析完成
2026-02-05 17:24:35 - product-run - INFO - SY82802ABT解析完成
2026-02-05 17:24:37 - product-run - INFO - SY8263AIC解析完成
2026-02-05 17:24:38 - product-run - INFO - SY8253AIC解析完成
2026-02-05 17:24:39 - product-run - INFO - SY82003ABT解析完成
2026-02-05 17:24:40 - product-run - INFO - SY81153CART解析完成
2026-02-05 17:24:43 - product-run - INFO - SY8113DAIC解析完成
2026-02-05 17:24:44 - product-run - INFO - SY81106EADT解析完成
2026-02-05 17:24:45 - product-run - INFO - SY81106ADT解析完成
2026-02-05 17:24:46 - product-run - INFO - SY81105EADT解析完成
2026-02-05 17:24:47 - product-run - INFO - SY81105ADT解析完成
2026-02-05 17:24:49 - product-run - INFO - SY81104EADT解析完成
2026-02-05 17:24:50 - product-run - INFO - SY81104ADT解析完成
2026-02-05 17:24:51 - product-run - INFO - SY81103EABT解析完成
2026-02-05 17:24:52 - product-run - INFO - SY81103CABT解析完成
2026-02-05 17:24:53 - product-run - INFO - SY81103BABT解析完成
2026-02-05 17:24:54 - product-run - INFO - SY81103ABT解析完成
2026-02-05 17:24:55 - product-run - INFO - SY81102EABT解析完成
2026-02-05 17:24:56 - product-run - INFO - SY81102CABT解析完成
2026-02-05 17:24:57 - product-run - INFO - SY81102BABT解析完成
2026-02-05 17:24:58 - product-run - INFO - SY81102ABT解析完成
2026-02-05 17:24:59 - product-run - INFO - SY81058TABT解析完成
2026-02-05 17:25:00 - product-run - INFO - SY81058EABT解析完成
2026-02-05 17:25:01 - product-run - INFO - SY81058ABT解析完成
2026-02-05 17:25:02 - product-run - INFO - SY81057TABT解析完成
2026-02-05 17:25:03 - product-run - INFO - SY81057EABT解析完成
2026-02-05 17:25:03 - product-run - INFO - SY81057ABT解析完成
2026-02-05 17:25:05 - product-run - INFO - SY81050RRC解析完成
2026-02-05 17:25:06 - product-run - INFO - SY81012VDC解析完成
2026-02-05 17:25:07 - product-run - INFO - SY8092ADBC解析完成
2026-02-05 17:25:08 - product-run - INFO - SY8089IAAC解析完成
2026-02-05 17:25:09 - product-run - INFO - SY8089E1AAC解析完成
2026-02-05 17:25:10 - product-run - INFO - SY8089A1AAC解析完成
2026-02-05 17:25:11 - product-run - INFO - SY8088A1AAC解析完成
2026-02-05 17:25:12 - product-run - INFO - SY8081FDQC解析完成
2026-02-05 17:25:13 - product-run - INFO - SY8081EDQC解析完成
2026-02-05 17:25:15 - product-run - INFO - SY8081DQC解析完成
2026-02-05 17:25:16 - product-run - INFO - SY8081DDQC解析完成
2026-02-05 17:25:17 - product-run - INFO - SY8081CDQC解析完成
2026-02-05 17:25:18 - product-run - INFO - SY8081BDQC解析完成
2026-02-05 17:25:19 - product-run - INFO - SY8081ADQC解析完成
2026-02-05 17:25:20 - product-run - INFO - SY8080AAC解析完成
2026-02-05 17:25:21 - product-run - INFO - SY8078BDTC解析完成
2026-02-05 17:25:22 - product-run - INFO - SY8077AAC解析完成
2026-02-05 17:25:24 - product-run - INFO - SY80704SYC解析完成
2026-02-05 17:25:25 - product-run - INFO - SY8061IDEC解析完成
2026-02-05 17:25:26 - product-run - INFO - SY8053DBC解析完成
2026-02-05 17:25:27 - product-run - INFO - SY8036DBC解析完成
2026-02-05 17:25:28 - product-run - INFO - SY8024DCC解析完成
2026-02-05 17:25:29 - product-run - INFO - SY80083ABT解析完成
2026-02-05 17:25:30 - product-run - INFO - SY80083AAT解析完成
2026-02-05 17:25:31 - product-run - INFO - SY80081AAT解析完成
2026-02-05 17:25:32 - product-run - INFO - SY80073ART解析完成
2026-02-05 17:25:33 - product-run - INFO - SY80072ART解析完成
2026-02-05 17:25:34 - product-run - INFO - SY80063EABC解析完成
2026-02-05 17:25:35 - product-run - INFO - SY80054DQC解析完成
2026-02-05 17:25:36 - product-run - INFO - SY80053DQC解析完成
2026-02-05 17:25:37 - product-run - INFO - SY8003CDFC解析完成
2026-02-05 17:25:38 - product-run - INFO - SY80033LDFD解析完成
2026-02-05 17:25:39 - product-run - INFO - SY80033DFD解析完成
2026-02-05 17:25:40 - product-run - INFO - SY8002IABC解析完成
2026-02-05 17:25:41 - product-run - INFO - SY8002E1ABC解析完成
2026-02-05 17:25:41 - product-run - INFO - SY8002D1ABC解析完成
2026-02-05 17:25:42 - product-run - INFO - SY8002A1ABC解析完成
2026-02-05 17:25:43 - product-run - INFO - SY80003EDQD解析完成
2026-02-05 17:25:44 - product-run - INFO - SQ29071TXQ解析完成
2026-02-05 17:25:45 - product-run - INFO - SQ29070TXQ解析完成
2026-02-05 17:25:46 - product-run - INFO - SQ29069TXQ解析完成
2026-02-05 17:25:47 - product-run - INFO - SQ29068TXQ解析完成
2026-02-05 17:25:48 - product-run - INFO - SQ29066BWYQ解析完成
2026-02-05 17:25:50 - product-run - INFO - SQ29063BWYQ解析完成
2026-02-05 17:25:51 - product-run - INFO - SQ29051DFD解析完成
2026-02-05 17:25:52 - product-run - INFO - SQ29047WZQ解析完成
2026-02-05 17:25:53 - product-run - INFO - SQ29004RHQ解析完成
2026-02-05 17:25:54 - product-run - INFO - SQ28956WEQ解析完成
2026-02-05 17:25:56 - product-run - INFO - SQ28906QDC解析完成
2026-02-05 17:25:57 - product-run - INFO - SQ28706SYD解析完成
2026-02-05 17:25:58 - product-run - INFO - SQ28704SYD解析完成
2026-02-05 17:25:59 - product-run - INFO - SQ28703SYD解析完成
2026-02-05 17:26:00 - product-run - INFO - SQ28072ART解析完成
2026-02-05 17:26:01 - product-run - INFO - SQ28053QWC解析完成
2026-02-05 17:26:03 - product-run - INFO - SQ28004DQD解析完成
2026-02-05 17:26:04 - product-run - INFO - SQ28003DQD解析完成
2026-02-05 17:26:05 - product-run - INFO - SQ27693FCP解析完成
2026-02-05 17:26:06 - product-run - INFO - SQ27406XNQ解析完成
2026-02-05 17:26:07 - product-run - INFO - SQ27403FCA解析完成
2026-02-05 17:26:08 - product-run - INFO - SQ27001FCC解析完成
2026-02-05 17:26:09 - product-run - INFO - SQ27000SXC解析完成
2026-02-05 17:26:10 - product-run - INFO - SQ27000FCC解析完成
2026-02-05 17:26:11 - product-run - INFO - SQ25821NIG解析完成
2026-02-05 17:26:12 - product-run - INFO - SQ20953AIC解析完成
2026-02-05 17:26:13 - product-run - INFO - SQ20903QDQ解析完成
2026-02-05 17:26:14 - product-run - INFO - SA26066WYQ解析完成
2026-02-05 17:26:15 - product-run - INFO - SA26012VDQ解析完成
2026-02-05 17:26:16 - product-run - INFO - SA25903BAT解析完成
2026-02-05 17:26:17 - product-run - INFO - SA24493TLQ解析完成
2026-02-05 17:26:18 - product-run - INFO - SA24493LTLQ解析完成
2026-02-05 17:26:20 - product-run - INFO - SA24493ETLQ解析完成
2026-02-05 17:26:21 - product-run - INFO - SA24492TLQ解析完成
2026-02-05 17:26:22 - product-run - INFO - SA24491TLQ解析完成
2026-02-05 17:26:23 - product-run - INFO - SA24483TLQ解析完成
2026-02-05 17:26:24 - product-run - INFO - SA24483ETLQ解析完成
2026-02-05 17:26:25 - product-run - INFO - SA24481TLQ解析完成
2026-02-05 17:26:27 - product-run - INFO - SA24406XNQ解析完成
2026-02-05 17:26:28 - product-run - INFO - SA24406EXNQ解析完成
2026-02-05 17:26:29 - product-run - INFO - SA24404XNQ解析完成
2026-02-05 17:26:30 - product-run - INFO - SA24403FCA解析完成
2026-02-05 17:26:31 - product-run - INFO - SA24401FCA解析完成
2026-02-05 17:26:32 - product-run - INFO - SA24401BFCA解析完成
2026-02-05 17:26:34 - product-run - INFO - SA23006XHQ解析完成
2026-02-05 17:26:35 - product-run - INFO - SA23004XHQ解析完成
2026-02-05 17:26:36 - product-run - INFO - SA23003CTWD解析完成
2026-02-05 17:26:37 - product-run - INFO - SA23003ATWD解析完成
2026-02-05 17:26:38 - product-run - INFO - SA23002CTWD解析完成
2026-02-05 17:26:39 - product-run - INFO - SA23002CDFD解析完成
2026-02-05 17:26:41 - product-run - INFO - SA23002BDFD解析完成
2026-02-05 17:26:42 - product-run - INFO - SA23002ATWD解析完成
2026-02-05 17:26:43 - product-run - INFO - SA23002ADFD解析完成
2026-02-05 17:26:44 - product-run - INFO - SA23001ADFD解析完成
2026-02-05 17:26:45 - product-run - INFO - https://www.silergy.com/list/177共提取到 35 个产品数据：
2026-02-05 17:26:46 - product-run - INFO - SY7069CUMC解析完成
2026-02-05 17:26:47 - product-run - INFO - SY87092SUD解析完成
2026-02-05 17:26:49 - product-run - INFO - SY87004WUS解析完成
2026-02-05 17:26:50 - product-run - INFO - SY7315RDC解析完成
2026-02-05 17:26:51 - product-run - INFO - SY7304DBC解析完成
2026-02-05 17:26:52 - product-run - INFO - SY7302ABC解析完成
2026-02-05 17:26:53 - product-run - INFO - SY7215ARDC解析完成
2026-02-05 17:26:54 - product-run - INFO - SY7208LABC解析完成
2026-02-05 17:26:55 - product-run - INFO - SY7208CABC解析完成
2026-02-05 17:26:57 - product-run - INFO - SY7152AABC解析完成
2026-02-05 17:26:58 - product-run - INFO - SY7120RAC解析完成
2026-02-05 17:26:59 - product-run - INFO - SY7092SUC解析完成
2026-02-05 17:27:00 - product-run - INFO - SY7076QMC解析完成
2026-02-05 17:27:02 - product-run - INFO - SY7072DABC解析完成
2026-02-05 17:27:03 - product-run - INFO - SY7072ABC解析完成
2026-02-05 17:27:04 - product-run - INFO - SY7072AABC解析完成
2026-02-05 17:27:05 - product-run - INFO - SY7071AHC解析完成
2026-02-05 17:27:06 - product-run - INFO - SY7071AAHC解析完成
2026-02-05 17:27:07 - product-run - INFO - SY7070BAAT解析完成
2026-02-05 17:27:09 - product-run - INFO - SY7070AAC解析完成
2026-02-05 17:27:10 - product-run - INFO - SY7070AAAC解析完成
2026-02-05 17:27:11 - product-run - INFO - SY7069BADC解析完成
2026-02-05 17:27:12 - product-run - INFO - SY7069ADC解析完成
2026-02-05 17:27:13 - product-run - INFO - SY7066QMC解析完成
2026-02-05 17:27:15 - product-run - INFO - SY7066BQMC解析完成
2026-02-05 17:27:16 - product-run - INFO - SY7066AQMC解析完成
2026-02-05 17:27:17 - product-run - INFO - SY7065QMC解析完成
2026-02-05 17:27:18 - product-run - INFO - SY7065AQMC解析完成
2026-02-05 17:27:19 - product-run - INFO - SY7063QMC解析完成
2026-02-05 17:27:20 - product-run - INFO - SQ25250ABC解析完成
2026-02-05 17:27:21 - product-run - INFO - SQ25202ABC解析完成
2026-02-05 17:27:23 - product-run - INFO - SQ25201QDQ解析完成
2026-02-05 17:27:24 - product-run - INFO - SQ25110ARAC解析完成
2026-02-05 17:27:25 - product-run - INFO - SQ25052ABC解析完成
2026-02-05 17:27:27 - product-run - INFO - SA22115VPA解析完成
2026-02-05 17:27:27 - product-run - INFO - https://www.silergy.com/list/178共提取到 7 个产品数据：
2026-02-05 17:27:28 - product-run - INFO - SY9702QOC解析完成
2026-02-05 17:27:29 - product-run - INFO - SY9701ADPC解析完成
2026-02-05 17:27:31 - product-run - INFO - SY9329QFC解析完成
2026-02-05 17:27:32 - product-run - INFO - SY9329CQFC解析完成
2026-02-05 17:27:33 - product-run - INFO - SY9329BQFC解析完成
2026-02-05 17:27:34 - product-run - INFO - SY9228QEC解析完成
2026-02-05 17:27:36 - product-run - INFO - SA22307TVA解析完成
2026-02-05 17:27:36 - product-run - INFO - https://www.silergy.com/list/189共提取到 6 个产品数据：
2026-02-05 17:27:37 - product-run - INFO - SY6177FAC解析完成
2026-02-05 17:27:38 - product-run - INFO - SY6174FAC解析完成
2026-02-05 17:27:39 - product-run - INFO - SY50833AFAC解析完成
2026-02-05 17:27:41 - product-run - INFO - SQ38865IGD解析完成
2026-02-05 17:27:42 - product-run - INFO - SQ38852BSXD解析完成
2026-02-05 17:27:43 - product-run - INFO - SQ38832AFAP解析完成
2026-02-05 17:27:44 - product-run - INFO - https://www.silergy.com/list/235共提取到 14 个产品数据：
2026-02-05 17:27:44 - product-run - INFO - SY7902AFHC解析完成
2026-02-05 17:27:46 - product-run - INFO - SY7901DBC解析完成
2026-02-05 17:27:47 - product-run - INFO - SY5600AFAC解析完成
2026-02-05 17:27:48 - product-run - INFO - SQ33604AFBP解析完成
2026-02-05 17:27:49 - product-run - INFO - SQ33052QCC解析完成
2026-02-05 17:27:50 - product-run - INFO - SQ25902AFHC解析完成
2026-02-05 17:27:51 - product-run - INFO - SQ25300FAP解析完成
2026-02-05 17:27:53 - product-run - INFO - SQ25001QEQ解析完成
2026-02-05 17:27:54 - product-run - INFO - SA33103QCQ解析完成
2026-02-05 17:27:55 - product-run - INFO - SA33101HSP解析完成
2026-02-05 17:27:57 - product-run - INFO - SA22900QEQ解析完成
2026-02-05 17:27:58 - product-run - INFO - SA22300FAP解析完成
2026-02-05 17:27:59 - product-run - INFO - SA22001QEQ解析完成
2026-02-05 17:28:00 - product-run - INFO - SA22001AQEQ解析完成
2026-02-05 17:28:01 - product-run - INFO - https://www.silergy.com/list/260共提取到 4 个产品数据：
2026-02-05 17:28:02 - product-run - INFO - SQ51225QJQ解析完成
2026-02-05 17:28:03 - product-run - INFO - SQ51222RPQ解析完成
2026-02-05 17:28:04 - product-run - INFO - SQ51202QJQ解析完成
2026-02-05 17:28:05 - product-run - INFO - SA58258QJQ解析完成
2026-02-05 17:28:06 - product-run - INFO - https://www.silergy.com/list/259共提取到 2 个产品数据：
2026-02-05 17:28:07 - product-run - INFO - SQ29670NGG解析完成
2026-02-05 17:28:08 - product-run - INFO - SQ29663XBQ解析完成
2026-02-05 17:28:09 - product-run - INFO - https://www.silergy.com/list/213共提取到 19 个产品数据：
2026-02-05 17:28:10 - product-run - INFO - SQ24815CDBC解析完成
2026-02-05 17:28:11 - product-run - INFO - SQ24815BDBC解析完成
2026-02-05 17:28:12 - product-run - INFO - SQ24810QMQ解析完成
2026-02-05 17:28:14 - product-run - INFO - SQ24806BQSQ解析完成
2026-02-05 17:28:15 - product-run - INFO - SQ24806AQSC解析完成
2026-02-05 17:28:16 - product-run - INFO - SQ24802LTLQ解析完成
2026-02-05 17:28:18 - product-run - INFO - SQ24802K2DFD解析完成
2026-02-05 17:28:19 - product-run - INFO - SQ24802K1DFD解析完成
2026-02-05 17:28:20 - product-run - INFO - SQ24801DCD解析完成
2026-02-05 17:28:22 - product-run - INFO - SQ24801CDCD解析完成
2026-02-05 17:28:23 - product-run - INFO - SQ24801BDCD解析完成
2026-02-05 17:28:24 - product-run - INFO - SQ24800QEQ解析完成
2026-02-05 17:28:25 - product-run - INFO - SQ24800BQEQ解析完成
2026-02-05 17:28:26 - product-run - INFO - SQ24201FAAT解析完成
2026-02-05 17:28:28 - product-run - INFO - SQ24201EDED解析完成
2026-02-05 17:28:29 - product-run - INFO - SQ24201EABT解析完成
2026-02-05 17:28:30 - product-run - INFO - SQ24201E2DED解析完成
2026-02-05 17:28:31 - product-run - INFO - SQ24092ZDEC解析完成
2026-02-05 17:28:32 - product-run - INFO - SA21816CQSQ解析完成
2026-02-05 17:28:33 - product-run - INFO - https://www.silergy.com/list/214共提取到 3 个产品数据：
2026-02-05 17:28:34 - product-run - INFO - SQ24905CQEQ解析完成
2026-02-05 17:28:35 - product-run - INFO - SQ24903FBP解析完成
2026-02-05 17:28:37 - product-run - INFO - SQ24901HKC解析完成
2026-02-05 17:28:37 - product-run - INFO - https://www.silergy.com/list/215共提取到 2 个产品数据：
2026-02-05 17:28:38 - product-run - INFO - SQ24900IAC解析完成
2026-02-05 17:28:39 - product-run - INFO - SA21904AQEQ解析完成
2026-02-05 17:28:40 - product-run - INFO - https://www.silergy.com/list/216共提取到 18 个产品数据：
2026-02-05 17:28:41 - product-run - INFO - SY6210DHC解析完成
2026-02-05 17:28:42 - product-run - INFO - SY86011BWPQ解析完成
2026-02-05 17:28:43 - product-run - INFO - SY6829PRC解析完成
2026-02-05 17:28:44 - product-run - INFO - SY6829BPRC解析完成
2026-02-05 17:28:45 - product-run - INFO - SY6829APRC解析完成
2026-02-05 17:28:47 - product-run - INFO - SY6823DFC解析完成
2026-02-05 17:28:48 - product-run - INFO - SY6821ADQC解析完成
2026-02-05 17:28:49 - product-run - INFO - SY6821AAC解析完成
2026-02-05 17:28:50 - product-run - INFO - SY6819FAC解析完成
2026-02-05 17:28:51 - product-run - INFO - SY6819AFAC解析完成
2026-02-05 17:28:52 - product-run - INFO - SY6816GPAC解析完成
2026-02-05 17:28:53 - product-run - INFO - SY6816APAC解析完成
2026-02-05 17:28:54 - product-run - INFO - SY6813PEC解析完成
2026-02-05 17:28:56 - product-run - INFO - SY6813APEC解析完成
2026-02-05 17:28:57 - product-run - INFO - SY6811PDC解析完成
2026-02-05 17:28:58 - product-run - INFO - SY6234DUC解析完成
2026-02-05 17:28:59 - product-run - INFO - SQ24026DUC解析完成
2026-02-05 17:29:00 - product-run - INFO - SQ24010ADHC解析完成
2026-02-05 17:29:01 - product-run - INFO - https://www.silergy.com/list/219共提取到 15 个产品数据：
2026-02-05 17:29:02 - product-run - INFO - SY6886UGC解析完成
2026-02-05 17:29:03 - product-run - INFO - SY6886BUGC解析完成
2026-02-05 17:29:04 - product-run - INFO - SY6884PYC解析完成
2026-02-05 17:29:05 - product-run - INFO - SY6883ABC解析完成
2026-02-05 17:29:06 - product-run - INFO - SY6882BDFC解析完成
2026-02-05 17:29:07 - product-run - INFO - SY6882ADFC解析完成
2026-02-05 17:29:08 - product-run - INFO - SY6881PTC解析完成
2026-02-05 17:29:10 - product-run - INFO - SY6880CPGC解析完成
2026-02-05 17:29:11 - product-run - INFO - SY6880APGC解析完成
2026-02-05 17:29:12 - product-run - INFO - SY6863B4ABC解析完成
2026-02-05 17:29:13 - product-run - INFO - SY6863B3ABC解析完成
2026-02-05 17:29:14 - product-run - INFO - SY6863B2ABC解析完成
2026-02-05 17:29:15 - product-run - INFO - SY6862DQLC解析完成
2026-02-05 17:29:16 - product-run - INFO - SY6862CQLC解析完成
2026-02-05 17:29:18 - product-run - INFO - SY6818PLC解析完成
2026-02-05 17:29:18 - product-run - INFO - https://www.silergy.com/list/218共提取到 30 个产品数据：
2026-02-05 17:29:19 - product-run - INFO - SY6280DAAT解析完成
2026-02-05 17:29:20 - product-run - INFO - SY86201FAAT解析完成
2026-02-05 17:29:21 - product-run - INFO - SY86201EDED解析完成
2026-02-05 17:29:23 - product-run - INFO - SY86201EABT解析完成
2026-02-05 17:29:24 - product-run - INFO - SY6288F3ABC解析完成
2026-02-05 17:29:25 - product-run - INFO - SY6288F2ABC解析完成
2026-02-05 17:29:26 - product-run - INFO - SY6288E2AAC解析完成
2026-02-05 17:29:27 - product-run - INFO - SY6288E1AAC解析完成
2026-02-05 17:29:28 - product-run - INFO - SY6288D7AAC解析完成
2026-02-05 17:29:29 - product-run - INFO - SY6288D5CAC解析完成
2026-02-05 17:29:30 - product-run - INFO - SY6288D20AAC解析完成
2026-02-05 17:29:31 - product-run - INFO - SY6288C7AAC解析完成
2026-02-05 17:29:33 - product-run - INFO - SY6288C5CAC解析完成
2026-02-05 17:29:34 - product-run - INFO - SY6288C20AAC解析完成
2026-02-05 17:29:35 - product-run - INFO - SY6288BAAC解析完成
2026-02-05 17:29:36 - product-run - INFO - SY6288AAAC解析完成
2026-02-05 17:29:37 - product-run - INFO - SY6287ZDEC解析完成
2026-02-05 17:29:38 - product-run - INFO - SY6287LABC解析完成
2026-02-05 17:29:39 - product-run - INFO - SY6287CDEC解析完成
2026-02-05 17:29:40 - product-run - INFO - SY6287CABC解析完成
2026-02-05 17:29:42 - product-run - INFO - SY6287BDEC解析完成
2026-02-05 17:29:43 - product-run - INFO - SY6283DRC解析完成
2026-02-05 17:29:44 - product-run - INFO - SY6283ADRC解析完成
2026-02-05 17:29:45 - product-run - INFO - SY6282LACC解析完成
2026-02-05 17:29:46 - product-run - INFO - SY6282ACC解析完成
2026-02-05 17:29:47 - product-run - INFO - SY6281AAAC解析完成
2026-02-05 17:29:48 - product-run - INFO - SY6280CAAT解析完成
2026-02-05 17:29:49 - product-run - INFO - SY6280AAAC解析完成
2026-02-05 17:29:50 - product-run - INFO - SQ24201E1DED解析完成
2026-02-05 17:29:51 - product-run - INFO - SQ24201E1ABT解析完成
2026-02-05 17:29:52 - product-run - INFO - https://www.silergy.com/list/237共提取到 6 个产品数据：
2026-02-05 17:29:53 - product-run - INFO - SY6370ADTD解析完成
2026-02-05 17:29:54 - product-run - INFO - SY6370FDTC解析完成
2026-02-05 17:29:55 - product-run - INFO - SY6370EDTD解析完成
2026-02-05 17:29:56 - product-run - INFO - SQ24370FDTD解析完成
2026-02-05 17:29:57 - product-run - INFO - SQ24370EDTD解析完成
2026-02-05 17:29:58 - product-run - INFO - SQ24370ADTD解析完成
2026-02-05 17:29:59 - product-run - INFO - https://www.silergy.com/list/183共提取到 18 个产品数据：
2026-02-05 17:30:00 - product-run - INFO - SY50655FIC解析完成
2026-02-05 17:30:01 - product-run - INFO - SY50433BFHC解析完成
2026-02-05 17:30:02 - product-run - INFO - SY50354HZP解析完成
2026-02-05 17:30:03 - product-run - INFO - SY50323FQC解析完成
2026-02-05 17:30:05 - product-run - INFO - SY50307HZP解析完成
2026-02-05 17:30:06 - product-run - INFO - SY50298XDQ解析完成
2026-02-05 17:30:07 - product-run - INFO - SY50296XDQ解析完成
2026-02-05 17:30:08 - product-run - INFO - SY50294HZP解析完成
2026-02-05 17:30:09 - product-run - INFO - SY50218VFAC解析完成
2026-02-05 17:30:10 - product-run - INFO - SY50216NFAP解析完成
2026-02-05 17:30:11 - product-run - INFO - SY50213WFAC解析完成
2026-02-05 17:30:13 - product-run - INFO - SY50213NFAP解析完成
2026-02-05 17:30:14 - product-run - INFO - SY50211WAZC解析完成
2026-02-05 17:30:15 - product-run - INFO - SY50136ZFAC解析完成
2026-02-05 17:30:16 - product-run - INFO - SY50133Z1FAC解析完成
2026-02-05 17:30:18 - product-run - INFO - SY50131CFAC解析完成
2026-02-05 17:30:19 - product-run - INFO - SQ38343FHP解析完成
2026-02-05 17:30:20 - product-run - INFO - SQ38341FHP解析完成
2026-02-05 17:30:21 - product-run - INFO - https://www.silergy.com/list/182共提取到 12 个产品数据：
2026-02-05 17:30:22 - product-run - INFO - SY5040ABC解析完成
2026-02-05 17:30:23 - product-run - INFO - SY5040AABT解析完成
2026-02-05 17:30:24 - product-run - INFO - SY5033CFAP解析完成
2026-02-05 17:30:25 - product-run - INFO - SY5033AFAP解析完成
2026-02-05 17:30:27 - product-run - INFO - SY5023FVP解析完成
2026-02-05 17:30:28 - product-run - INFO - SY5022CFVP解析完成
2026-02-05 17:30:30 - product-run - INFO - SY5022BFVP解析完成
2026-02-05 17:30:33 - product-run - INFO - SY5019FAC解析完成
2026-02-05 17:30:34 - product-run - INFO - SY5007ABC解析完成
2026-02-05 17:30:35 - product-run - INFO - SY5007AABC解析完成
2026-02-05 17:30:36 - product-run - INFO - SQ33020ZFVP解析完成
2026-02-05 17:30:37 - product-run - INFO - SQ33020FVP解析完成
2026-02-05 17:30:38 - product-run - INFO - https://www.silergy.com/list/186共提取到 13 个产品数据：
2026-02-05 17:30:39 - product-run - INFO - SY52441FAP解析完成
2026-02-05 17:30:40 - product-run - INFO - SY5239FPP解析完成
2026-02-05 17:30:41 - product-run - INFO - SY5236ABT解析完成
2026-02-05 17:30:42 - product-run - INFO - SY52341FAP解析完成
2026-02-05 17:30:43 - product-run - INFO - SY5231ABC解析完成
2026-02-05 17:30:45 - product-run - INFO - SY5231AABT解析完成
2026-02-05 17:30:46 - product-run - INFO - SY52257AAZC解析完成
2026-02-05 17:30:47 - product-run - INFO - SY52251FAC解析完成
2026-02-05 17:30:48 - product-run - INFO - SY52157AZC解析完成
2026-02-05 17:30:49 - product-run - INFO - SY52151FAP解析完成
2026-02-05 17:30:50 - product-run - INFO - SQ33261FAP解析完成
2026-02-05 17:30:51 - product-run - INFO - SQ33260FAP解析完成
2026-02-05 17:30:52 - product-run - INFO - SQ33239FPP解析完成
2026-02-05 17:30:53 - product-run - INFO - https://www.silergy.com/list/285共提取到 1 个产品数据：
2026-02-05 17:30:54 - product-run - INFO - SY52021TQQ解析完成
2026-02-05 17:30:54 - product-run - INFO - https://www.silergy.com/list/181共提取到 5 个产品数据：
2026-02-05 17:30:55 - product-run - INFO - SY50583FAC解析完成
2026-02-05 17:30:57 - product-run - INFO - SY50281AAC解析完成
2026-02-05 17:30:58 - product-run - INFO - SY50272BAGC解析完成
2026-02-05 17:30:59 - product-run - INFO - SY50272AGC解析完成
2026-02-05 17:31:00 - product-run - INFO - SY50271BFAC解析完成
2026-02-05 17:31:01 - product-run - INFO - https://www.silergy.com/list/184共提取到 3 个产品数据：
2026-02-05 17:31:01 - product-run - INFO - SY5055DHXP解析完成
2026-02-05 17:31:03 - product-run - INFO - SY5055BHXP解析完成
2026-02-05 17:31:04 - product-run - INFO - SY5055AHXP解析完成
2026-02-05 17:31:04 - product-run - INFO - https://www.silergy.com/list/201共提取到 7 个产品数据：
2026-02-05 17:31:05 - product-run - INFO - SY56816XTQ解析完成
2026-02-05 17:31:06 - product-run - INFO - SY56815ATQQ解析完成
2026-02-05 17:31:07 - product-run - INFO - SY5601AFCP解析完成
2026-02-05 17:31:09 - product-run - INFO - SQ34815TQQ解析完成
2026-02-05 17:31:10 - product-run - INFO - SQ33608WSQ解析完成
2026-02-05 17:31:11 - product-run - INFO - SQ33607QYQ解析完成
2026-02-05 17:31:12 - product-run - INFO - SQ24902FBC解析完成
2026-02-05 17:31:13 - product-run - INFO - https://www.silergy.com/list/286共提取到 2 个产品数据：
2026-02-05 17:31:14 - product-run - INFO - SQ55800AHWP解析完成
2026-02-05 17:31:15 - product-run - INFO - SA52800AHWP解析完成
2026-02-05 17:31:16 - product-run - INFO - https://www.silergy.com/list/261共提取到 4 个产品数据：
2026-02-05 17:31:17 - product-run - INFO - SQ33080FAP解析完成
2026-02-05 17:31:18 - product-run - INFO - SQ33080BDAD解析完成
2026-02-05 17:31:19 - product-run - INFO - SQ33080ACBP解析完成
2026-02-05 17:31:20 - product-run - INFO - SA30080FAP解析完成
2026-02-05 17:31:21 - product-run - INFO - https://www.silergy.com/list/147共提取到 19 个产品数据：
2026-02-05 17:31:22 - product-run - INFO - SY59119C1FCC解析完成
2026-02-05 17:31:23 - product-run - INFO - SY59119B1FCC解析完成
2026-02-05 17:31:24 - product-run - INFO - SY59119A1FCC解析完成
2026-02-05 17:31:25 - product-run - INFO - SY59112B4FCP解析完成
2026-02-05 17:31:26 - product-run - INFO - SY59112A2FCP解析完成
2026-02-05 17:31:27 - product-run - INFO - SY59102N2FCP解析完成
2026-02-05 17:31:29 - product-run - INFO - SY59101QFCP解析完成
2026-02-05 17:31:30 - product-run - INFO - SY59101PFCP解析完成
2026-02-05 17:31:32 - product-run - INFO - SY59101NFCP解析完成
2026-02-05 17:31:33 - product-run - INFO - SY59101CFCP解析完成
2026-02-05 17:31:34 - product-run - INFO - SY59101BFCP解析完成
2026-02-05 17:31:35 - product-run - INFO - SY59101AFCP解析完成
2026-02-05 17:31:36 - product-run - INFO - SY58863AFAC解析完成
2026-02-05 17:31:38 - product-run - INFO - SY58763AFAC解析完成
2026-02-05 17:31:39 - product-run - INFO - SY58653FAC解析完成
2026-02-05 17:31:40 - product-run - INFO - SY58563FAC解析完成
2026-02-05 17:31:41 - product-run - INFO - SY58561AAC解析完成
2026-02-05 17:31:43 - product-run - INFO - SY5852FAC解析完成
2026-02-05 17:31:44 - product-run - INFO - SY58363AFAC解析完成
2026-02-05 17:31:44 - product-run - INFO - https://www.silergy.com/list/149共提取到 10 个产品数据：
2026-02-05 17:31:46 - product-run - INFO - SY58874UFAC解析完成
2026-02-05 17:31:47 - product-run - INFO - SY58873UFAC解析完成
2026-02-05 17:31:48 - product-run - INFO - SY5072BABT解析完成
2026-02-05 17:31:49 - product-run - INFO - SY5072AABT解析完成
2026-02-05 17:31:50 - product-run - INFO - SY5028ABC解析完成
2026-02-05 17:31:51 - product-run - INFO - SY5018SFAP解析完成
2026-02-05 17:31:52 - product-run - INFO - SY5018CFAP解析完成
2026-02-05 17:31:53 - product-run - INFO - SY5018BFAC解析完成
2026-02-05 17:31:55 - product-run - INFO - SY50186FAC解析完成
2026-02-05 17:31:56 - product-run - INFO - SY50183FAC解析完成
2026-02-05 17:31:57 - product-run - INFO - https://www.silergy.com/list/148共提取到 13 个产品数据：
2026-02-05 17:31:58 - product-run - INFO - SY59526FAP解析完成
2026-02-05 17:31:59 - product-run - INFO - SY59525FAP解析完成
2026-02-05 17:31:59 - product-run - INFO - SY5951AFAC解析完成
2026-02-05 17:32:01 - product-run - INFO - SY59516FAC解析完成
2026-02-05 17:32:02 - product-run - INFO - SY59515FAC解析完成
2026-02-05 17:32:03 - product-run - INFO - SY58978U1FAC解析完成
2026-02-05 17:32:04 - product-run - INFO - SY5842FAC解析完成
2026-02-05 17:32:05 - product-run - INFO - SY5839ABC解析完成
2026-02-05 17:32:07 - product-run - INFO - SY5830BABC解析完成
2026-02-05 17:32:08 - product-run - INFO - SY58237CAGC解析完成
2026-02-05 17:32:09 - product-run - INFO - SY58237AGC解析完成
2026-02-05 17:32:10 - product-run - INFO - SY58215FAC解析完成
2026-02-05 17:32:11 - product-run - INFO - SY58213FAC解析完成
2026-02-05 17:32:12 - product-run - INFO - https://www.silergy.com/list/287共提取到 13 个产品数据：
2026-02-05 17:32:13 - product-run - INFO - SY5989FAP解析完成
2026-02-05 17:32:14 - product-run - INFO - SY5987FAP解析完成
2026-02-05 17:32:15 - product-run - INFO - SY5955AFFP解析完成
2026-02-05 17:32:16 - product-run - INFO - SY5886FAC解析完成
2026-02-05 17:32:18 - product-run - INFO - SY5882ZFAC解析完成
2026-02-05 17:32:19 - product-run - INFO - SY5882SFAP解析完成
2026-02-05 17:32:21 - product-run - INFO - SY5882NFAC解析完成
2026-02-05 17:32:23 - product-run - INFO - SY5882AFAC解析完成
2026-02-05 17:32:24 - product-run - INFO - SY5881ZFAC解析完成
2026-02-05 17:32:25 - product-run - INFO - SY5881SFAP解析完成
2026-02-05 17:32:26 - product-run - INFO - SY5881FAC解析完成
2026-02-05 17:32:28 - product-run - INFO - SY5881DFACP解析完成
2026-02-05 17:32:29 - product-run - INFO - SY5983FAC解析完成
2026-02-05 17:32:30 - product-run - INFO - https://www.silergy.com/list/193共提取到 7 个产品数据：
2026-02-05 17:32:31 - product-run - INFO - SY5867ZFAP解析完成
2026-02-05 17:32:32 - product-run - INFO - SY5867SFAC解析完成
2026-02-05 17:32:33 - product-run - INFO - SY5867FAC解析完成
2026-02-05 17:32:34 - product-run - INFO - SY5864KAC解析完成
2026-02-05 17:32:36 - product-run - INFO - SY5863AJAC解析完成
2026-02-05 17:32:37 - product-run - INFO - SY5862FAC解析完成
2026-02-05 17:32:38 - product-run - INFO - SY5861BFAC解析完成
2026-02-05 17:32:39 - product-run - INFO - https://www.silergy.com/list/199共提取到 12 个产品数据：
2026-02-05 17:32:39 - product-run - INFO - SY77963XVQ解析完成
2026-02-05 17:32:40 - product-run - INFO - SY7790DFD解析完成
2026-02-05 17:32:41 - product-run - INFO - SY7759RBQ解析完成
2026-02-05 17:32:42 - product-run - INFO - SY7758VGS解析完成
2026-02-05 17:32:44 - product-run - INFO - SY7758QCQ解析完成
2026-02-05 17:32:45 - product-run - INFO - SY7728LFFC解析完成
2026-02-05 17:32:46 - product-run - INFO - SY7728LFEC解析完成
2026-02-05 17:32:47 - product-run - INFO - SY7726POC解析完成
2026-02-05 17:32:48 - product-run - INFO - SY7711BABC解析完成
2026-02-05 17:32:49 - product-run - INFO - SY7301ADBC解析完成
2026-02-05 17:32:50 - product-run - INFO - SY7301AADC解析完成
2026-02-05 17:32:51 - product-run - INFO - SY7203DBC解析完成
2026-02-05 17:32:52 - product-run - INFO - https://www.silergy.com/list/195共提取到 10 个产品数据：
2026-02-05 17:32:53 - product-run - INFO - SY8719TQD解析完成
2026-02-05 17:32:54 - product-run - INFO - SY8718H1ADC解析完成
2026-02-05 17:32:56 - product-run - INFO - SY8718B1ADC解析完成
2026-02-05 17:32:57 - product-run - INFO - SY8718A1ADC解析完成
2026-02-05 17:32:58 - product-run - INFO - SY8708ABC解析完成
2026-02-05 17:32:59 - product-run - INFO - SY8705FCC解析完成
2026-02-05 17:33:01 - product-run - INFO - SY8705BFCC解析完成
2026-02-05 17:33:02 - product-run - INFO - SY8703ABC解析完成
2026-02-05 17:33:03 - product-run - INFO - SY7310AADC解析完成
2026-02-05 17:33:04 - product-run - INFO - SY7200AABC解析完成
2026-02-05 17:33:05 - product-run - INFO - https://www.silergy.com/list/196共提取到 3 个产品数据：
2026-02-05 17:33:06 - product-run - INFO - SY7807DEC解析完成
2026-02-05 17:33:07 - product-run - INFO - SY7806EPSC解析完成
2026-02-05 17:33:08 - product-run - INFO - SY7803BDUC解析完成
2026-02-05 17:33:09 - product-run - INFO - https://www.silergy.com/list/197共提取到 6 个产品数据：
2026-02-05 17:33:10 - product-run - INFO - SY8727FCC解析完成
2026-02-05 17:33:11 - product-run - INFO - SY7400LABC解析完成
2026-02-05 17:33:13 - product-run - INFO - SY7400FCC解析完成
2026-02-05 17:33:14 - product-run - INFO - SY7308FPC解析完成
2026-02-05 17:33:15 - product-run - INFO - SY7306FCC解析完成
2026-02-05 17:33:16 - product-run - INFO - SY7305ABC解析完成
2026-02-05 17:33:17 - product-run - INFO - https://www.silergy.com/list/198共提取到 11 个产品数据：
2026-02-05 17:33:18 - product-run - INFO - SY8759FFP解析完成
2026-02-05 17:33:19 - product-run - INFO - SY87596FFP解析完成
2026-02-05 17:33:20 - product-run - INFO - SY8756AHHC解析完成
2026-02-05 17:33:22 - product-run - INFO - SY8750FCC解析完成
2026-02-05 17:33:23 - product-run - INFO - SY8746AFCC解析完成
2026-02-05 17:33:24 - product-run - INFO - SY8745AFCC解析完成
2026-02-05 17:33:25 - product-run - INFO - SY8702AABC解析完成
2026-02-05 17:33:26 - product-run - INFO - SA33761HHP解析完成
2026-02-05 17:33:28 - product-run - INFO - SA33760QJQ解析完成
2026-02-05 17:33:29 - product-run - INFO - SA32774QJQ解析完成
2026-02-05 17:33:30 - product-run - INFO - SA32707HFA解析完成
2026-02-05 17:33:30 - product-run - INFO - https://www.silergy.com/list/298共提取到 13 个产品数据：
2026-02-05 17:33:31 - product-run - INFO - SQ76825DABE解析完成
2026-02-05 17:33:32 - product-run - INFO - SQ76202QNC解析完成
2026-02-05 17:33:34 - product-run - INFO - SQ76115BADE解析完成
2026-02-05 17:33:35 - product-run - INFO - SQ76106C3AAG解析完成
2026-02-05 17:33:36 - product-run - INFO - SQ76106BAIE解析完成
2026-02-05 17:33:37 - product-run - INFO - SQ76103C3ACE解析完成
2026-02-05 17:33:38 - product-run - INFO - SQ76040ADG解析完成
2026-02-05 17:33:39 - product-run - INFO - SQ76020AFE解析完成
2026-02-05 17:33:40 - product-run - INFO - SQ76006B1AIE解析完成
2026-02-05 17:33:41 - product-run - INFO - SQ76003D3AAE解析完成
2026-02-05 17:33:42 - product-run - INFO - SQ76003B1AKE解析完成
2026-02-05 17:33:43 - product-run - INFO - SQ76002CAEE解析完成
2026-02-05 17:33:44 - product-run - INFO - SQ76001RCC解析完成
2026-02-05 17:33:45 - product-run - INFO - https://www.silergy.com/list/299共提取到 1 个产品数据：
2026-02-05 17:33:46 - product-run - INFO - SQ79002AJE解析完成
2026-02-05 17:33:47 - product-run - INFO - https://www.silergy.com/list/300共提取到 27 个产品数据：
2026-02-05 17:33:48 - product-run - INFO - SYT664RGC解析完成
2026-02-05 17:33:50 - product-run - INFO - SY8686UXC解析完成
2026-02-05 17:33:52 - product-run - INFO - SY8686RUXS解析完成
2026-02-05 17:33:53 - product-run - INFO - SY8686KUXC解析完成
2026-02-05 17:33:55 - product-run - INFO - SY8686FUXC解析完成
2026-02-05 17:33:56 - product-run - INFO - SY8665TTC解析完成
2026-02-05 17:33:58 - product-run - INFO - SY8665DTTQ解析完成
2026-02-05 17:33:59 - product-run - INFO - SY8600PZC解析完成
2026-02-05 17:34:01 - product-run - INFO - SY8600GPZS解析完成
2026-02-05 17:34:02 - product-run - INFO - SY8600FPZS解析完成
2026-02-05 17:34:04 - product-run - INFO - SY8600EPZC解析完成
2026-02-05 17:34:06 - product-run - INFO - SY8600CPZC解析完成
2026-02-05 17:34:07 - product-run - INFO - SY72220QLQ解析完成
2026-02-05 17:34:08 - product-run - INFO - SY72025RGQ解析完成
2026-02-05 17:34:09 - product-run - INFO - SY72025ARGQ解析完成
2026-02-05 17:34:10 - product-run - INFO - SY72001RGQ解析完成
2026-02-05 17:34:12 - product-run - INFO - SY70301WBQ解析完成
2026-02-05 17:34:13 - product-run - INFO - SY70300JVCS解析完成
2026-02-05 17:34:18 - product-run - INFO - SY70300FVCS解析完成
2026-02-05 17:34:22 - product-run - INFO - SY70300EVCS解析完成
2026-02-05 17:34:26 - product-run - INFO - SY70300BVCS解析完成
2026-02-05 17:34:27 - product-run - INFO - SY70300AVCS解析完成
2026-02-05 17:34:31 - product-run - INFO - SY70202TVTS解析完成
2026-02-05 17:34:35 - product-run - INFO - SY70202SVTS解析完成
2026-02-05 17:34:41 - product-run - INFO - SY70202AVTS解析完成
2026-02-05 17:34:44 - product-run - INFO - SY70201QPQ解析完成
2026-02-05 17:34:46 - product-run - INFO - SQ40001RGQ解析完成
2026-02-05 17:34:46 - product-run - INFO - https://www.silergy.com/list/301共提取到 22 个产品数据：
2026-02-05 17:34:48 - product-run - INFO - SY7696BQEC解析完成
2026-02-05 17:34:50 - product-run - INFO - SY7687QEC解析完成
2026-02-05 17:34:51 - product-run - INFO - SY7686DCC解析完成
2026-02-05 17:34:52 - product-run - INFO - SY7636ARMC解析完成
2026-02-05 17:34:56 - product-run - INFO - SY7634RPC解析完成
2026-02-05 17:34:58 - product-run - INFO - SY7634CRPQ解析完成
2026-02-05 17:34:59 - product-run - INFO - SY7630CQCC解析完成
2026-02-05 17:35:01 - product-run - INFO - SY7627RMC解析完成
2026-02-05 17:35:02 - product-run - INFO - SY7627DRMQ解析完成
2026-02-05 17:35:04 - product-run - INFO - SY7578TOQ解析完成
2026-02-05 17:35:16 - product-run - INFO - SY7576QPC解析完成
2026-02-05 17:35:21 - product-run - INFO - SY7571RKC解析完成
2026-02-05 17:35:23 - product-run - INFO - SY7566VFC解析完成
2026-02-05 17:35:25 - product-run - INFO - SY7565QCC解析完成
2026-02-05 17:35:28 - product-run - INFO - SY7561BUYS解析完成
2026-02-05 17:35:29 - product-run - INFO - SY7512QAC解析完成
2026-02-05 17:35:31 - product-run - INFO - SY7511QFC解析完成
2026-02-05 17:35:32 - product-run - INFO - SY7510TQC解析完成
2026-02-05 17:35:33 - product-run - INFO - SY71600RPC解析完成
2026-02-05 17:35:35 - product-run - INFO - SY71503QFQ解析完成
2026-02-05 17:35:37 - product-run - INFO - SY71500QFQ解析完成
2026-02-05 17:35:39 - product-run - INFO - SY71100TOQ解析完成
2026-02-05 17:35:40 - product-run - INFO - https://www.silergy.com/list/302共提取到 9 个产品数据：
2026-02-05 17:35:41 - product-run - INFO - SA47302QDQ解析完成
2026-02-05 17:35:42 - product-run - INFO - SA47302JQDQ解析完成
2026-02-05 17:35:43 - product-run - INFO - SA47302HQDQ解析完成
2026-02-05 17:35:44 - product-run - INFO - SA47302GQDQ解析完成
2026-02-05 17:35:46 - product-run - INFO - SA47302FQDQ解析完成
2026-02-05 17:35:47 - product-run - INFO - SA47302DQDQ解析完成
2026-02-05 17:35:48 - product-run - INFO - SA47302CQDQ解析完成
2026-02-05 17:35:49 - product-run - INFO - SA47302BQDQ解析完成
2026-02-05 17:35:50 - product-run - INFO - SA47301QJQ解析完成
2026-02-05 17:35:51 - product-run - INFO - https://www.silergy.com/list/208共提取到 7 个产品数据：
2026-02-05 17:35:52 - product-run - INFO - SY6986RAC解析完成
2026-02-05 17:35:53 - product-run - INFO - SY6982E1QDC解析完成
2026-02-05 17:35:54 - product-run - INFO - SY6974BQCC解析完成
2026-02-05 17:35:55 - product-run - INFO - SY6971BVKS解析完成
2026-02-05 17:35:57 - product-run - INFO - SY6970CQCQ解析完成
2026-02-05 17:35:58 - product-run - INFO - SY6969CQFQ解析完成
2026-02-05 17:35:59 - product-run - INFO - SY6961DQFQ解析完成
2026-02-05 17:36:00 - product-run - INFO - https://www.silergy.com/list/211共提取到 5 个产品数据：
2026-02-05 17:36:00 - product-run - INFO - SY6410DFC解析完成
2026-02-05 17:36:02 - product-run - INFO - SY62541QFQ解析完成
2026-02-05 17:36:03 - product-run - INFO - SY62520SZD解析完成
2026-02-05 17:36:04 - product-run - INFO - SY62510VXS解析完成
2026-02-05 17:36:05 - product-run - INFO - SY62510SZD解析完成
2026-02-05 17:36:06 - product-run - INFO - https://www.silergy.com/list/245共提取到 2 个产品数据：
2026-02-05 17:36:07 - product-run - INFO - SA63122GGF解析完成
2026-02-05 17:36:08 - product-run - INFO - SA63000BHFP解析完成
2026-02-05 17:36:08 - product-run - INFO - https://www.silergy.com/list/258共提取到 23 个产品数据：
2026-02-05 17:36:09 - product-run - INFO - SA32B16GEF解析完成
2026-02-05 17:36:11 - product-run - INFO - SA32B16GDF解析完成
2026-02-05 17:36:12 - product-run - INFO - SA32B16GFF解析完成
2026-02-05 17:36:13 - product-run - INFO - SA32B14GDF解析完成
2026-02-05 17:36:15 - product-run - INFO - SA32B14GFF解析完成
2026-02-05 17:36:16 - product-run - INFO - SA32B12GFF解析完成
2026-02-05 17:36:17 - product-run - INFO - SA32B12QEQ解析完成
2026-02-05 17:36:18 - product-run - INFO - SA32B12AQEQ解析完成
2026-02-05 17:36:19 - product-run - INFO - SA32B20GEF解析完成
2026-02-05 17:36:20 - product-run - INFO - SA32B20GLF解析完成
2026-02-05 17:36:21 - product-run - INFO - SA32B19GEF解析完成
2026-02-05 17:36:23 - product-run - INFO - SA32D610NLG解析完成
2026-02-05 17:36:27 - product-run - INFO - SA32D610NMG解析完成
2026-02-05 17:36:28 - product-run - INFO - SA32D408NLG解析完成
2026-02-05 17:36:29 - product-run - INFO - SA32B20EGLF解析完成
2026-02-05 17:36:30 - product-run - INFO - SA32B20EGEF解析完成
2026-02-05 17:36:31 - product-run - INFO - SA32B19EGEF解析完成
2026-02-05 17:36:32 - product-run - INFO - SA32B19EGDF解析完成
2026-02-05 17:36:33 - product-run - INFO - SA32B16EGEF解析完成
2026-02-05 17:36:34 - product-run - INFO - SA32B16EGDF解析完成
2026-02-05 17:36:35 - product-run - INFO - SA32B16EGFF解析完成
2026-02-05 17:36:36 - product-run - INFO - SA32B14EGDF解析完成
2026-02-05 17:36:37 - product-run - INFO - SA32B14EGFF解析完成
2026-02-05 17:36:37 - product-run - INFO - https://www.silergy.com/list/228共提取到 19 个产品数据：
2026-02-05 17:36:38 - product-run - INFO - SY7T612+U4解析完成
2026-02-05 17:36:39 - product-run - INFO - SY7T612+U3解析完成
2026-02-05 17:36:41 - product-run - INFO - SY7T612+I4解析完成
2026-02-05 17:36:42 - product-run - INFO - SY7T612+I3解析完成
2026-02-05 17:36:43 - product-run - INFO - SY7T611+U2解析完成
2026-02-05 17:36:44 - product-run - INFO - SY7T611+L2解析完成
2026-02-05 17:36:45 - product-run - INFO - SY7T611+I2解析完成
2026-02-05 17:36:46 - product-run - INFO - SY7T609+S1解析完成
2026-02-05 17:36:47 - product-run - INFO - SY7T609+R1解析完成
2026-02-05 17:36:49 - product-run - INFO - SY7T502FBC解析完成
2026-02-05 17:36:50 - product-run - INFO - SY7T501FAC解析完成
2026-02-05 17:36:51 - product-run - INFO - MAX78700解析完成
2026-02-05 17:36:52 - product-run - INFO - MAX78630+PPM解析完成
2026-02-05 17:36:53 - product-run - INFO - MAX78615+PPM解析完成
2026-02-05 17:36:54 - product-run - INFO - MAX78615+LMU解析完成
2026-02-05 17:36:55 - product-run - INFO - MAX71071解析完成
2026-02-05 17:36:56 - product-run - INFO - MAX71020A解析完成
2026-02-05 17:36:58 - product-run - INFO - 78M6618解析完成
2026-02-05 17:36:59 - product-run - INFO - 78M6610+PSD解析完成
2026-02-05 17:37:00 - product-run - INFO - https://www.silergy.com/list/229共提取到 49 个产品数据：
2026-02-05 17:37:01 - product-run - INFO - SY7T625解析完成
2026-02-05 17:37:02 - product-run - INFO - SY7T166GH解析完成
2026-02-05 17:37:03 - product-run - INFO - SY7T166G解析完成
2026-02-05 17:37:04 - product-run - INFO - SY7M166H解析完成
2026-02-05 17:37:06 - product-run - INFO - SY7M163G解析完成
2026-02-05 17:37:07 - product-run - INFO - SY7M007解析完成
2026-02-05 17:37:08 - product-run - INFO - MAX71336S解析完成
2026-02-05 17:37:09 - product-run - INFO - MAX71335S解析完成
2026-02-05 17:37:11 - product-run - INFO - MAX71335C解析完成
2026-02-05 17:37:12 - product-run - INFO - MAX71334C解析完成
2026-02-05 17:37:13 - product-run - INFO - MAX71316S解析完成
2026-02-05 17:37:14 - product-run - INFO - MAX71315S解析完成
2026-02-05 17:37:15 - product-run - INFO - MAX71315C解析完成
2026-02-05 17:37:17 - product-run - INFO - MAX71314L解析完成
2026-02-05 17:37:18 - product-run - INFO - MAX71314C解析完成
2026-02-05 17:37:19 - product-run - INFO - MAX71313L解析完成
2026-02-05 17:37:21 - product-run - INFO - 71M6601解析完成
2026-02-05 17:37:22 - product-run - INFO - 71M6545T解析完成
2026-02-05 17:37:23 - product-run - INFO - 71M6545HT解析完成
2026-02-05 17:37:24 - product-run - INFO - 71M6545H解析完成
2026-02-05 17:37:25 - product-run - INFO - 71M6545解析完成
2026-02-05 17:37:27 - product-run - INFO - 71M6543HT解析完成
2026-02-05 17:37:28 - product-run - INFO - 71M6543GT解析完成
2026-02-05 17:37:29 - product-run - INFO - 71M6543GHT解析完成
2026-02-05 17:37:30 - product-run - INFO - 71M6543G解析完成
2026-02-05 17:37:31 - product-run - INFO - 71M6543FT解析完成
2026-02-05 17:37:33 - product-run - INFO - 71M6543F解析完成
2026-02-05 17:37:34 - product-run - INFO - 71M6542GT解析完成
2026-02-05 17:37:35 - product-run - INFO - 71M6542G解析完成
2026-02-05 17:37:37 - product-run - INFO - 71M6542FT解析完成
2026-02-05 17:37:38 - product-run - INFO - 71M6542F解析完成
2026-02-05 17:37:39 - product-run - INFO - 71M6541GT解析完成
2026-02-05 17:37:40 - product-run - INFO - 71M6541G解析完成
2026-02-05 17:37:41 - product-run - INFO - 71M6541FT解析完成
2026-02-05 17:37:43 - product-run - INFO - 71M6541F解析完成
2026-02-05 17:37:44 - product-run - INFO - 71M6541DT解析完成
2026-02-05 17:37:46 - product-run - INFO - 71M6541D解析完成
2026-02-05 17:37:47 - product-run - INFO - 71M6534H解析完成
2026-02-05 17:37:48 - product-run - INFO - 71M6534解析完成
2026-02-05 17:37:49 - product-run - INFO - 71M6533H解析完成
2026-02-05 17:37:51 - product-run - INFO - 71M6533解析完成
2026-02-05 17:37:52 - product-run - INFO - 71M6532F解析完成
2026-02-05 17:37:53 - product-run - INFO - 71M6532D解析完成
2026-02-05 17:37:55 - product-run - INFO - 71M6531F解析完成
2026-02-05 17:37:56 - product-run - INFO - 71M6531D解析完成
2026-02-05 17:37:57 - product-run - INFO - 71M6203解析完成
2026-02-05 17:37:58 - product-run - INFO - 71M6201解析完成
2026-02-05 17:37:59 - product-run - INFO - 71M6113解析完成
2026-02-05 17:38:00 - product-run - INFO - 71M6103解析完成
2026-02-05 17:38:01 - product-run - INFO - https://www.silergy.com/list/256共提取到 1 个产品数据：
2026-02-05 17:38:02 - product-run - INFO - SY33519VYQ解析完成
2026-02-05 17:38:03 - product-run - INFO - https://www.silergy.com/list/277共提取到 2 个产品数据：
2026-02-05 17:38:04 - product-run - INFO - SA89822QEQ解析完成
2026-02-05 17:38:05 - product-run - INFO - SA89833GCF解析完成
2026-02-05 17:38:06 - product-run - INFO - https://www.silergy.com/list/273共提取到 2 个产品数据：
2026-02-05 17:38:07 - product-run - INFO - SQ93409RL22-J00解析完成
2026-02-05 17:38:08 - product-run - INFO - SQ93407RL22-J00解析完成
2026-02-05 17:38:08 - product-run - INFO - https://www.silergy.com/list/257共提取到 1 个产品数据：
2026-02-05 17:38:09 - product-run - INFO - SQ51103QHQ解析完成
2026-02-05 17:38:10 - product-run - INFO - https://www.silergy.com/list/223共提取到 72 个产品数据：
2026-02-05 17:38:11 - product-run - INFO - SYT21A05DWD解析完成
2026-02-05 17:38:12 - product-run - INFO - SYT11L05DXC解析完成
2026-02-05 17:38:13 - product-run - INFO - SYT11L05DWC解析完成
2026-02-05 17:38:15 - product-run - INFO - SYT46S05DVD解析完成
2026-02-05 17:38:16 - product-run - INFO - SYT46S03DVD解析完成
2026-02-05 17:38:17 - product-run - INFO - SYT43L05SMD解析完成
2026-02-05 17:38:18 - product-run - INFO - SYT41N05DWD解析完成
2026-02-05 17:38:20 - product-run - INFO - SYT41A01DXD解析完成
2026-02-05 17:38:21 - product-run - INFO - SYT36A03DVD解析完成
2026-02-05 17:38:22 - product-run - INFO - SYT32S05DWD解析完成
2026-02-05 17:38:23 - product-run - INFO - SYT32L15DWD解析完成
2026-02-05 17:38:24 - product-run - INFO - SYT31S05DWD解析完成
2026-02-05 17:38:25 - product-run - INFO - SYT31A01DXD解析完成
2026-02-05 17:38:26 - product-run - INFO - SYT26S05DVC解析完成
2026-02-05 17:38:27 - product-run - INFO - SYT26AB3DVD解析完成
2026-02-05 17:38:29 - product-run - INFO - SYT26A05DVD解析完成
2026-02-05 17:38:30 - product-run - INFO - SYT26A03DVC解析完成
2026-02-05 17:38:31 - product-run - INFO - SYT22U05DXD解析完成
2026-02-05 17:38:32 - product-run - INFO - SYT21S24DXC解析完成
2026-02-05 17:38:33 - product-run - INFO - SYT21S05DXD解析完成
2026-02-05 17:38:34 - product-run - INFO - SYT21S05DWC解析完成
2026-02-05 17:38:35 - product-run - INFO - SYT21N03DWD解析完成
2026-02-05 17:38:37 - product-run - INFO - SYT21M05DXD解析完成
2026-02-05 17:38:38 - product-run - INFO - SYT21M05DWD解析完成
2026-02-05 17:38:39 - product-run - INFO - SYT21M05ANO解析完成
2026-02-05 17:38:40 - product-run - INFO - SYT21A05DXC解析完成
2026-02-05 17:38:41 - product-run - INFO - SYT18A03SFC解析完成
2026-02-05 17:38:42 - product-run - INFO - SYT16S03DVC解析完成
2026-02-05 17:38:44 - product-run - INFO - SYT13U05AOC解析完成
2026-02-05 17:38:45 - product-run - INFO - SYT13S03SMD解析完成
2026-02-05 17:38:46 - product-run - INFO - SYT13L05AOC解析完成
2026-02-05 17:38:47 - product-run - INFO - SYT13L03AOC解析完成
2026-02-05 17:38:48 - product-run - INFO - SYT11N05DXD解析完成
2026-02-05 17:38:49 - product-run - INFO - SYT11N05DWD解析完成
2026-02-05 17:38:50 - product-run - INFO - SYT11M05DXD解析完成
2026-02-05 17:38:51 - product-run - INFO - SYT11M05DWD解析完成
2026-02-05 17:38:53 - product-run - INFO - SYT11M03DXD解析完成
2026-02-05 17:38:54 - product-run - INFO - SYT11M03DWD解析完成
2026-02-05 17:38:55 - product-run - INFO - SYT11L03DXD解析完成
2026-02-05 17:38:56 - product-run - INFO - SYT07S05SBC解析完成
2026-02-05 17:38:57 - product-run - INFO - SYT06U05DVC解析完成
2026-02-05 17:38:58 - product-run - INFO - SYT06U05ABC解析完成
2026-02-05 17:39:00 - product-run - INFO - SYT06L05ABC解析完成
2026-02-05 17:39:01 - product-run - INFO - SYT05S05ABC解析完成
2026-02-05 17:39:02 - product-run - INFO - SYT04L05AWC解析完成
2026-02-05 17:39:03 - product-run - INFO - SYT03S05SIC解析完成
2026-02-05 17:39:04 - product-run - INFO - SYT03S05SHC解析完成
2026-02-05 17:39:06 - product-run - INFO - SYT02U05DWC解析完成
2026-02-05 17:39:07 - product-run - INFO - SYT01N24DWC解析完成
2026-02-05 17:39:08 - product-run - INFO - SYT01N15DWD解析完成
2026-02-05 17:39:09 - product-run - INFO - SYT01N12DWC解析完成
2026-02-05 17:39:10 - product-run - INFO - SYT01N05ANC解析完成
2026-02-05 17:39:11 - product-run - INFO - SYT01N03DXC解析完成
2026-02-05 17:39:13 - product-run - INFO - SYT01N03DWC解析完成
2026-02-05 17:39:14 - product-run - INFO - SYT01N03ANC解析完成
2026-02-05 17:39:15 - product-run - INFO - SYT01M12DXC解析完成
2026-02-05 17:39:16 - product-run - INFO - SYT01M12DWC解析完成
2026-02-05 17:39:17 - product-run - INFO - SYT01L03DXC解析完成
2026-02-05 17:39:18 - product-run - INFO - SYT01L03DWC解析完成
2026-02-05 17:39:19 - product-run - INFO - SYT01A05DXC解析完成
2026-02-05 17:39:21 - product-run - INFO - SYE1106TLD解析完成
2026-02-05 17:39:22 - product-run - INFO - SYE1104TXD解析完成
2026-02-05 17:39:23 - product-run - INFO - SAT21S05DWD解析完成
2026-02-05 17:39:24 - product-run - INFO - SAT21A05DWD解析完成
2026-02-05 17:39:25 - product-run - INFO - SAT13N24AOT解析完成
2026-02-05 17:39:26 - product-run - INFO - SAT03N24AOT解析完成
2026-02-05 17:39:27 - product-run - INFO - SAT01N24AMA解析完成
2026-02-05 17:39:29 - product-run - INFO - SYT36S03DVC解析完成
2026-02-05 17:39:30 - product-run - INFO - SYT56S03DVD解析完成
2026-02-05 17:39:31 - product-run - INFO - SYT26AU3DVD解析完成
2026-02-05 17:39:32 - product-run - INFO - SYT21N05DWD解析完成
2026-02-05 17:39:33 - product-run - INFO - SYE1108TKD解析完成
2026-02-05 17:39:34 - product-run - INFO - https://www.silergy.com/list/252共提取到 32 个产品数据：
2026-02-05 17:39:35 - product-run - INFO - SYS12V05AMC解析完成
2026-02-05 17:39:36 - product-run - INFO - SYT02H05DWC解析完成
2026-02-05 17:39:37 - product-run - INFO - SYS42X12TPD解析完成
2026-02-05 17:39:38 - product-run - INFO - SYS42V05SLD解析完成
2026-02-05 17:39:39 - product-run - INFO - SYS42V04SLD解析完成
2026-02-05 17:39:40 - product-run - INFO - SYS42L02FAC解析完成
2026-02-05 17:39:41 - product-run - INFO - SYS32V05SLD解析完成
2026-02-05 17:39:42 - product-run - INFO - SYS22X24TPD解析完成
2026-02-05 17:39:43 - product-run - INFO - SYS22V05SLC解析完成
2026-02-05 17:39:44 - product-run - INFO - SYS22V04SLC解析完成
2026-02-05 17:39:45 - product-run - INFO - SYS14L02DHC解析完成
2026-02-05 17:39:46 - product-run - INFO - SYS12V20SLC解析完成
2026-02-05 17:39:47 - product-run - INFO - SYS12V12SLC解析完成
2026-02-05 17:39:49 - product-run - INFO - SYS12V05SLC解析完成
2026-02-05 17:39:50 - product-run - INFO - SYS11U24AMC解析完成
2026-02-05 17:39:51 - product-run - INFO - SYS11U15AMC解析完成
2026-02-05 17:39:52 - product-run - INFO - SYS11U12AMC解析完成
2026-02-05 17:39:53 - product-run - INFO - SYS11U05AMC解析完成
2026-02-05 17:39:54 - product-run - INFO - SYS11U03AMC解析完成
2026-02-05 17:39:55 - product-run - INFO - SYS11L03SEC解析完成
2026-02-05 17:39:56 - product-run - INFO - SYS03N24AOC解析完成
2026-02-05 17:39:57 - product-run - INFO - SYS03H12AOC解析完成
2026-02-05 17:39:58 - product-run - INFO - SYS02V12AMC解析完成
2026-02-05 17:39:59 - product-run - INFO - SYS02V05AMC解析完成
2026-02-05 17:40:00 - product-run - INFO - SYS02H24DWD解析完成
2026-02-05 17:40:01 - product-run - INFO - SYS02H20DWC解析完成
2026-02-05 17:40:02 - product-run - INFO - SYS02H12AMC解析完成
2026-02-05 17:40:04 - product-run - INFO - SYS01V05AMC解析完成
2026-02-05 17:40:05 - product-run - INFO - SYS12V48SLD解析完成
2026-02-05 17:40:06 - product-run - INFO - SYS12V36SLD解析完成
2026-02-05 17:40:07 - product-run - INFO - SYS12V28SLD解析完成
2026-02-05 17:40:08 - product-run - INFO - SYS04M12THD解析完成
2026-02-05 17:40:08 - product-run - INFO - https://www.silergy.com/list/282共提取到 10 个产品数据：
2026-02-05 17:40:09 - product-run - INFO - SY3016PS32-G00解析完成
2026-02-05 17:40:10 - product-run - INFO - SY3135CS21-J01解析完成
2026-02-05 17:40:11 - product-run - INFO - SY3135AS21-J01解析完成
2026-02-05 17:40:12 - product-run - INFO - SY3135AS21-J00解析完成
2026-02-05 17:40:14 - product-run - INFO - SY3133CS32-J00解析完成
2026-02-05 17:40:15 - product-run - INFO - SY3132CS42-J10解析完成
2026-02-05 17:40:16 - product-run - INFO - SY3079AS22-J01解析完成
2026-02-05 17:40:17 - product-run - INFO - SY3061-S1解析完成
2026-02-05 17:40:19 - product-run - INFO - SQ81137AS22-J00解析完成
2026-02-05 17:40:20 - product-run - INFO - SA88137AS22-J00解析完成
2026-02-05 17:40:20 - product-run - INFO - https://www.silergy.com/list/233共提取到 3 个产品数据：
2026-02-05 17:40:21 - product-run - INFO - SY3128AS22-J10解析完成
2026-02-05 17:40:23 - product-run - INFO - SA88011AS22-J00解析完成
2026-02-05 17:40:24 - product-run - INFO - SA88010RS22-J00解析完成
2026-02-05 17:40:25 - product-run - INFO - https://www.silergy.com/list/247共提取到 5 个产品数据：
2026-02-05 17:40:26 - product-run - INFO - SY64912解析完成
2026-02-05 17:40:27 - product-run - INFO - SQ52912解析完成
2026-02-05 17:40:28 - product-run - INFO - SQ52911E解析完成
2026-02-05 17:40:29 - product-run - INFO - SQ52911解析完成
2026-02-05 17:40:30 - product-run - INFO - SQ52910解析完成
2026-02-05 17:40:31 - product-run - INFO - https://www.silergy.com/list/270共提取到 16 个产品数据：
2026-02-05 17:40:31 - product-run - INFO - SQ52134解析完成
2026-02-05 17:40:33 - product-run - INFO - SQ52133解析完成
2026-02-05 17:40:34 - product-run - INFO - SQ52132D解析完成
2026-02-05 17:40:35 - product-run - INFO - SQ52132解析完成
2026-02-05 17:40:36 - product-run - INFO - SQ52131解析完成
2026-02-05 17:40:37 - product-run - INFO - SQ52113/4解析完成
2026-02-05 17:40:38 - product-run - INFO - SQ52112解析完成
2026-02-05 17:40:39 - product-run - INFO - SQ52111解析完成
2026-02-05 17:40:40 - product-run - INFO - SQ52110解析完成
2026-02-05 17:40:42 - product-run - INFO - SQ52104解析完成
2026-02-05 17:40:43 - product-run - INFO - SQ52103解析完成
2026-02-05 17:40:44 - product-run - INFO - SQ52102解析完成
2026-02-05 17:40:45 - product-run - INFO - SQ52101解析完成
2026-02-05 17:40:46 - product-run - INFO - SA59131解析完成
2026-02-05 17:40:48 - product-run - INFO - SA59102解析完成
2026-02-05 17:40:49 - product-run - INFO - SA59101解析完成
2026-02-05 17:40:50 - product-run - INFO - https://www.silergy.com/list/271共提取到 8 个产品数据：
2026-02-05 17:40:51 - product-run - INFO - SQ52210解析完成
2026-02-05 17:40:52 - product-run - INFO - SQ52206解析完成
2026-02-05 17:40:53 - product-run - INFO - SQ52205解析完成
2026-02-05 17:40:55 - product-run - INFO - SQ52204解析完成
2026-02-05 17:40:56 - product-run - INFO - SQ52201解析完成
2026-02-05 17:40:57 - product-run - INFO - SA59205解析完成
2026-02-05 17:40:58 - product-run - INFO - SA59202DAA解析完成
2026-02-05 17:40:59 - product-run - INFO - SQ52210R1解析完成
2026-02-05 17:41:00 - product-run - INFO - https://www.silergy.com/list/266共提取到 10 个产品数据：
2026-02-05 17:41:01 - product-run - INFO - SQ82550DAOT解析完成
2026-02-05 17:41:02 - product-run - INFO - SQ82550CAOT解析完成
2026-02-05 17:41:03 - product-run - INFO - SQ82550BAOT解析完成
2026-02-05 17:41:04 - product-run - INFO - SQ82550AOT解析完成
2026-02-05 17:41:05 - product-run - INFO - SA89550FAOT解析完成
2026-02-05 17:41:06 - product-run - INFO - SA89550EAOT解析完成
2026-02-05 17:41:07 - product-run - INFO - SA89550DAOT解析完成
2026-02-05 17:41:09 - product-run - INFO - SA89550CAOT解析完成
2026-02-05 17:41:10 - product-run - INFO - SA89550BAOT解析完成
2026-02-05 17:41:11 - product-run - INFO - SA89550AOT解析完成
2026-02-05 17:41:11 - product-run - INFO - https://www.silergy.com/list/276共提取到 2 个产品数据：
2026-02-05 17:41:12 - product-run - INFO - SQ82535CFAP解析完成
2026-02-05 17:41:14 - product-run - INFO - SQ82534CABT解析完成
2026-02-05 17:41:15 - product-run - INFO - https://www.silergy.com/list/231共提取到 19 个产品数据：
2026-02-05 17:41:16 - product-run - INFO - SY6075DGAC解析完成
2026-02-05 17:41:17 - product-run - INFO - SY60020QHQ解析完成
2026-02-05 17:41:18 - product-run - INFO - SY6065SGAC解析完成
2026-02-05 17:41:19 - product-run - INFO - SY6045SQHC解析完成
2026-02-05 17:41:21 - product-run - INFO - SY6045SGAC解析完成
2026-02-05 17:41:22 - product-run - INFO - SY6045BQHC解析完成
2026-02-05 17:41:23 - product-run - INFO - SY6045AQEC解析完成
2026-02-05 17:41:24 - product-run - INFO - SY6028QEC解析完成
2026-02-05 17:41:26 - product-run - INFO - SY6026LQEC解析完成
2026-02-05 17:41:28 - product-run - INFO - SY6025AQEC解析完成
2026-02-05 17:41:29 - product-run - INFO - SY6018QEC解析完成
2026-02-05 17:41:30 - product-run - INFO - SY6018BQEC解析完成
2026-02-05 17:41:31 - product-run - INFO - SY6014QCC解析完成
2026-02-05 17:41:33 - product-run - INFO - SY6014AQCC解析完成
2026-02-05 17:41:34 - product-run - INFO - SY60050GAF解析完成
2026-02-05 17:41:35 - product-run - INFO - SA51510HFP解析完成
2026-02-05 17:41:37 - product-run - INFO - SA51500HFP解析完成
2026-02-05 17:41:39 - product-run - INFO - SA51034HFA解析完成
2026-02-05 17:41:40 - product-run - INFO - SA51024HGA解析完成
2026-02-05 17:41:41 - product-run - INFO - https://www.silergy.com/list/232共提取到 2 个产品数据：
2026-02-05 17:41:42 - product-run - INFO - SY6040QDC解析完成
2026-02-05 17:41:43 - product-run - INFO - SA51023HDA解析完成
2026-02-05 17:41:43 - product-run - INFO - https://www.silergy.com/list/272共提取到 2 个产品数据：
2026-02-05 17:41:45 - product-run - INFO - SA55621QCQ解析完成
2026-02-05 17:41:46 - product-run - INFO - SA55602HNP解析完成
2026-02-05 17:41:46 - product-run - INFO - https://www.silergy.com/list/263共提取到 6 个产品数据：
2026-02-05 17:41:48 - product-run - INFO - SQ82968VZS解析完成
2026-02-05 17:41:49 - product-run - INFO - SQ82968CVZS解析完成
2026-02-05 17:41:50 - product-run - INFO - SQ82958QIQ解析完成
2026-02-05 17:41:51 - product-run - INFO - SQ82958BQIQ解析完成
2026-02-05 17:41:53 - product-run - INFO - SQ82928VZS解析完成
2026-02-05 17:41:54 - product-run - INFO - SQ82918QIQ解析完成
2026-02-05 17:41:54 - product-run - INFO - https://www.silergy.com/list/264共提取到 6 个产品数据：
2026-02-05 17:41:55 - product-run - INFO - SQ82806GDF解析完成
2026-02-05 17:41:56 - product-run - INFO - SQ82806BGDF解析完成
2026-02-05 17:41:58 - product-run - INFO - SA89853HUP解析完成
2026-02-05 17:41:59 - product-run - INFO - SA89851HLP解析完成
2026-02-05 17:42:00 - product-run - INFO - SA59401FBP解析完成
2026-02-05 17:42:01 - product-run - INFO - SA59400FBP解析完成
