2026-03-20 15:21:05 - product-parse - INFO - ['消费级']
2026-03-20 15:21:06 - product-parse - INFO - 量产
2026-03-20 15:21:06 - product-parse - INFO - 推挽输出的DDR终端稳压器
2026-03-20 15:21:06 - product-parse - INFO - {'raw_path': 'https://www.silergy.com/download/downloadFile?id=3968&type=product&ftype=note'}
2026-03-20 15:21:06 - product-parse - INFO - 最低温度：-40 °C，最高温度：125 °C
2026-03-20 15:21:06 - product-parse - INFO - DFN3×3-10
2026-03-20 15:21:06 - product-parse - INFO - ['消费级']
2026-03-20 15:21:07 - product-parse - INFO - 量产
2026-03-20 15:21:07 - product-parse - INFO - 推挽输出的DDR终端稳压器
2026-03-20 15:21:07 - product-parse - INFO - {'raw_path': 'https://www.silergy.com/download/downloadFile?id=5080&type=product&ftype=note'}
2026-03-20 15:21:07 - product-parse - INFO - 最低温度：-40 °C，最高温度：125 °C
2026-03-20 15:21:07 - product-parse - INFO - DFN2×2-10
2026-03-20 15:21:07 - product-parse - INFO - ['消费级']
2026-03-20 15:21:08 - product-parse - INFO - 量产
2026-03-20 15:21:08 - product-parse - INFO - 3A，55V快速响应低压差线性稳压器
2026-03-20 15:21:08 - product-parse - INFO - {'raw_path': 'https://www.silergy.com/download/downloadFile?id=3967&type=product&ftype=note'}
2026-03-20 15:21:08 - product-parse - INFO - 最低温度：-40 °C，最高温度：125 °C
2026-03-20 15:21:08 - product-parse - INFO - TO263-5
2026-03-20 15:21:08 - product-parse - INFO - ['消费级']
2026-03-20 15:21:09 - product-parse - INFO - 量产
2026-03-20 15:21:09 - product-parse - INFO - 40V，300mA LDO稳压器
2026-03-20 15:21:09 - product-parse - INFO - {'raw_path': 'https://www.silergy.com/download/downloadFile?id=3961&type=product&ftype=note'}
2026-03-20 15:21:09 - product-parse - INFO - 最低温度：-40 °C，最高温度：125 °C
2026-03-20 15:21:09 - product-parse - INFO - SOT23-5
